<?xml version="1.0" encoding="UTF-8"?>
<coverage generated="1775662114180" clover="3.2.0">
  <project timestamp="1775662114181" name="All files">
    <metrics statements="1004" coveredstatements="961" conditionals="601" coveredconditionals="506" methods="263" coveredmethods="248" elements="1868" coveredelements="1715" complexity="0" loc="1004" ncloc="1004" packages="13" files="34" classes="34"/>
    <package name="src">
      <metrics statements="2" coveredstatements="2" conditionals="0" coveredconditionals="0" methods="1" coveredmethods="1"/>
      <file name="App.tsx" path="C:\Users\USER\Desktop\DESKTOP PROJECTS\s4\client\src\App.tsx">
        <metrics statements="1" coveredstatements="1" conditionals="0" coveredconditionals="0" methods="1" coveredmethods="1"/>
        <line num="6" count="3" type="stmt"/>
      </file>
      <file name="router.tsx" path="C:\Users\USER\Desktop\DESKTOP PROJECTS\s4\client\src\router.tsx">
        <metrics statements="1" coveredstatements="1" conditionals="0" coveredconditionals="0" methods="0" coveredmethods="0"/>
        <line num="12" count="1" type="stmt"/>
      </file>
    </package>
    <package name="src.components.auth">
      <metrics statements="12" coveredstatements="12" conditionals="12" coveredconditionals="12" methods="2" coveredmethods="2"/>
      <file name="ProtectedRoute.tsx" path="C:\Users\USER\Desktop\DESKTOP PROJECTS\s4\client\src\components\auth\ProtectedRoute.tsx">
        <metrics statements="12" coveredstatements="12" conditionals="12" coveredconditionals="12" methods="2" coveredmethods="2"/>
        <line num="15" count="14" type="stmt"/>
        <line num="16" count="7" type="stmt"/>
        <line num="20" count="7" type="stmt"/>
        <line num="25" count="7" type="cond" truecount="2" falsecount="0"/>
        <line num="26" count="2" type="stmt"/>
        <line num="29" count="5" type="cond" truecount="2" falsecount="0"/>
        <line num="30" count="1" type="stmt"/>
        <line num="33" count="4" type="cond" truecount="2" falsecount="0"/>
        <line num="34" count="1" type="stmt"/>
        <line num="37" count="3" type="cond" truecount="5" falsecount="0"/>
        <line num="38" count="1" type="stmt"/>
        <line num="41" count="2" type="stmt"/>
      </file>
    </package>
    <package name="src.components.layout">
      <metrics statements="18" coveredstatements="18" conditionals="17" coveredconditionals="14" methods="12" coveredmethods="12"/>
      <file name="Header.tsx" path="C:\Users\USER\Desktop\DESKTOP PROJECTS\s4\client\src\components\layout\Header.tsx">
        <metrics statements="17" coveredstatements="17" conditionals="17" coveredconditionals="14" methods="11" coveredmethods="11"/>
        <line num="18" count="30" type="stmt"/>
        <line num="19" count="30" type="stmt"/>
        <line num="20" count="30" type="stmt"/>
        <line num="21" count="30" type="stmt"/>
        <line num="23" count="30" type="stmt"/>
        <line num="25" count="30" type="stmt"/>
        <line num="66" count="1" type="stmt"/>
        <line num="75" count="1" type="stmt"/>
        <line num="120" count="1" type="stmt"/>
        <line num="128" count="5" type="stmt"/>
        <line num="188" count="1" type="stmt"/>
        <line num="189" count="1" type="stmt"/>
        <line num="196" count="1" type="stmt"/>
        <line num="197" count="1" type="stmt"/>
        <line num="205" count="1" type="stmt"/>
        <line num="206" count="1" type="stmt"/>
        <line num="258" count="15" type="stmt"/>
      </file>
      <file name="Layout.tsx" path="C:\Users\USER\Desktop\DESKTOP PROJECTS\s4\client\src\components\layout\Layout.tsx">
        <metrics statements="1" coveredstatements="1" conditionals="0" coveredconditionals="0" methods="1" coveredmethods="1"/>
        <line num="5" count="9" type="stmt"/>
      </file>
    </package>
    <package name="src.components.map">
      <metrics statements="71" coveredstatements="71" conditionals="37" coveredconditionals="34" methods="17" coveredmethods="17"/>
      <file name="MapSearchBox.tsx" path="C:\Users\USER\Desktop\DESKTOP PROJECTS\s4\client\src\components\map\MapSearchBox.tsx">
        <metrics statements="71" coveredstatements="71" conditionals="37" coveredconditionals="34" methods="17" coveredmethods="17"/>
        <line num="5" count="1" type="stmt"/>
        <line num="26" count="69" type="stmt"/>
        <line num="27" count="69" type="stmt"/>
        <line num="28" count="69" type="stmt"/>
        <line num="29" count="69" type="stmt"/>
        <line num="30" count="69" type="stmt"/>
        <line num="32" count="69" type="stmt"/>
        <line num="33" count="69" type="stmt"/>
        <line num="34" count="69" type="stmt"/>
        <line num="38" count="69" type="stmt"/>
        <line num="39" count="9" type="stmt"/>
        <line num="40" count="9" type="cond" truecount="2" falsecount="0"/>
        <line num="41" count="1" type="stmt"/>
        <line num="42" count="1" type="stmt"/>
        <line num="43" count="1" type="stmt"/>
        <line num="46" count="8" type="stmt"/>
        <line num="47" count="8" type="stmt"/>
        <line num="48" count="8" type="stmt"/>
        <line num="51" count="8" type="stmt"/>
        <line num="52" count="8" type="stmt"/>
        <line num="53" count="8" type="stmt"/>
        <line num="54" count="8" type="stmt"/>
        <line num="56" count="8" type="stmt"/>
        <line num="57" count="8" type="cond" truecount="2" falsecount="0"/>
        <line num="59" count="7" type="stmt"/>
        <line num="60" count="7" type="cond" truecount="1" falsecount="1"/>
        <line num="61" count="9" type="stmt"/>
        <line num="62" count="9" type="stmt"/>
        <line num="64" count="1" type="stmt"/>
        <line num="66" count="8" type="stmt"/>
        <line num="70" count="69" type="stmt"/>
        <line num="71" count="41" type="stmt"/>
        <line num="72" count="41" type="stmt"/>
        <line num="73" count="41" type="stmt"/>
        <line num="74" count="41" type="stmt"/>
        <line num="77" count="69" type="stmt"/>
        <line num="78" count="3" type="stmt"/>
        <line num="79" count="3" type="stmt"/>
        <line num="80" count="3" type="stmt"/>
        <line num="81" count="3" type="stmt"/>
        <line num="88" count="69" type="stmt"/>
        <line num="89" count="1" type="stmt"/>
        <line num="90" count="1" type="stmt"/>
        <line num="91" count="1" type="stmt"/>
        <line num="92" count="1" type="stmt"/>
        <line num="95" count="69" type="stmt"/>
        <line num="96" count="48" type="cond" truecount="4" falsecount="0"/>
        <line num="97" count="7" type="cond" truecount="2" falsecount="0"/>
        <line num="98" count="3" type="stmt"/>
        <line num="99" count="3" type="stmt"/>
        <line num="100" count="4" type="cond" truecount="2" falsecount="0"/>
        <line num="101" count="1" type="stmt"/>
        <line num="102" count="1" type="stmt"/>
        <line num="103" count="3" type="cond" truecount="4" falsecount="0"/>
        <line num="104" count="2" type="stmt"/>
        <line num="105" count="2" type="stmt"/>
        <line num="106" count="1" type="cond" truecount="1" falsecount="1"/>
        <line num="107" count="1" type="stmt"/>
        <line num="108" count="1" type="stmt"/>
        <line num="113" count="69" type="stmt"/>
        <line num="114" count="10" type="stmt"/>
        <line num="115" count="12" type="cond" truecount="2" falsecount="0"/>
        <line num="119" count="1" type="stmt"/>
        <line num="122" count="10" type="stmt"/>
        <line num="123" count="10" type="stmt"/>
        <line num="127" count="69" type="stmt"/>
        <line num="129" count="69" type="stmt"/>
        <line num="144" count="10" type="cond" truecount="2" falsecount="0"/>
        <line num="180" count="22" type="stmt"/>
        <line num="188" count="1" type="stmt"/>
        <line num="189" count="1" type="stmt"/>
      </file>
    </package>
    <package name="src.components.reports">
      <metrics statements="350" coveredstatements="323" conditionals="209" coveredconditionals="173" methods="79" coveredmethods="72"/>
      <file name="ReportDetailModal.tsx" path="C:\Users\USER\Desktop\DESKTOP PROJECTS\s4\client\src\components\reports\ReportDetailModal.tsx">
        <metrics statements="117" coveredstatements="106" conditionals="82" coveredconditionals="69" methods="22" coveredmethods="22"/>
        <line num="23" count="52" type="cond" truecount="2" falsecount="0"/>
        <line num="25" count="48" type="stmt"/>
        <line num="26" count="48" type="stmt"/>
        <line num="33" count="52" type="cond" truecount="4" falsecount="0"/>
        <line num="34" count="48" type="cond" truecount="1" falsecount="1"/>
        <line num="35" count="0" type="stmt"/>
        <line num="36" count="0" type="stmt"/>
        <line num="38" count="48" type="stmt"/>
        <line num="42" count="0" type="cond" truecount="0" falsecount="2"/>
        <line num="43" count="0" type="stmt"/>
        <line num="46" count="0" type="cond" truecount="0" falsecount="2"/>
        <line num="47" count="0" type="stmt"/>
        <line num="48" count="0" type="stmt"/>
        <line num="51" count="0" type="stmt"/>
        <line num="53" count="0" type="stmt"/>
        <line num="58" count="45" type="stmt"/>
        <line num="59" count="84" type="stmt"/>
        <line num="60" count="84" type="stmt"/>
        <line num="61" count="45" type="stmt"/>
        <line num="62" count="45" type="stmt"/>
        <line num="63" count="45" type="stmt"/>
        <line num="64" count="45" type="stmt"/>
        <line num="65" count="45" type="stmt"/>
        <line num="66" count="45" type="stmt"/>
        <line num="67" count="45" type="stmt"/>
        <line num="68" count="45" type="stmt"/>
        <line num="72" count="45" type="stmt"/>
        <line num="73" count="33" type="cond" truecount="2" falsecount="0"/>
        <line num="74" count="4" type="cond" truecount="1" falsecount="1"/>
        <line num="75" count="0" type="stmt"/>
        <line num="76" count="0" type="stmt"/>
        <line num="78" count="4" type="stmt"/>
        <line num="81" count="29" type="stmt"/>
        <line num="82" count="29" type="stmt"/>
        <line num="84" count="29" type="stmt"/>
        <line num="85" count="2" type="stmt"/>
        <line num="86" count="2" type="stmt"/>
        <line num="87" count="2" type="stmt"/>
        <line num="88" count="2" type="cond" truecount="2" falsecount="0"/>
        <line num="89" count="1" type="stmt"/>
        <line num="91" count="1" type="stmt"/>
        <line num="94" count="29" type="stmt"/>
        <line num="95" count="1" type="cond" truecount="1" falsecount="1"/>
        <line num="96" count="1" type="stmt"/>
        <line num="99" count="29" type="stmt"/>
        <line num="100" count="1" type="stmt"/>
        <line num="101" count="1" type="stmt"/>
        <line num="103" count="29" type="stmt"/>
        <line num="104" count="2" type="stmt"/>
        <line num="105" count="2" type="stmt"/>
        <line num="112" count="29" type="stmt"/>
        <line num="113" count="29" type="stmt"/>
        <line num="114" count="29" type="stmt"/>
        <line num="115" count="29" type="stmt"/>
        <line num="117" count="29" type="stmt"/>
        <line num="118" count="29" type="stmt"/>
        <line num="119" count="29" type="stmt"/>
        <line num="120" count="29" type="stmt"/>
        <line num="121" count="29" type="stmt"/>
        <line num="122" count="29" type="stmt"/>
        <line num="123" count="29" type="cond" truecount="2" falsecount="0"/>
        <line num="124" count="28" type="stmt"/>
        <line num="129" count="45" type="cond" truecount="2" falsecount="0"/>
        <line num="131" count="42" type="stmt"/>
        <line num="132" count="126" type="stmt"/>
        <line num="134" count="42" type="stmt"/>
        <line num="135" count="42" type="stmt"/>
        <line num="137" count="42" type="stmt"/>
        <line num="138" count="42" type="stmt"/>
        <line num="139" count="42" type="stmt"/>
        <line num="143" count="45" type="stmt"/>
        <line num="144" count="5" type="stmt"/>
        <line num="145" count="5" type="cond" truecount="1" falsecount="1"/>
        <line num="147" count="5" type="cond" truecount="2" falsecount="0"/>
        <line num="148" count="1" type="stmt"/>
        <line num="149" count="1" type="stmt"/>
        <line num="150" count="1" type="stmt"/>
        <line num="153" count="4" type="stmt"/>
        <line num="154" count="4" type="cond" truecount="4" falsecount="0"/>
        <line num="155" count="1" type="stmt"/>
        <line num="156" count="1" type="stmt"/>
        <line num="158" count="4" type="stmt"/>
        <line num="159" count="2" type="stmt"/>
        <line num="160" count="2" type="stmt"/>
        <line num="162" count="2" type="stmt"/>
        <line num="163" count="2" type="stmt"/>
        <line num="165" count="2" type="cond" truecount="2" falsecount="0"/>
        <line num="168" count="2" type="stmt"/>
        <line num="169" count="2" type="stmt"/>
        <line num="173" count="45" type="stmt"/>
        <line num="174" count="42" type="stmt"/>
        <line num="175" count="42" type="stmt"/>
        <line num="184" count="45" type="stmt"/>
        <line num="185" count="84" type="cond" truecount="2" falsecount="0"/>
        <line num="186" count="84" type="cond" truecount="2" falsecount="0"/>
        <line num="189" count="45" type="stmt"/>
        <line num="190" count="5" type="cond" truecount="3" falsecount="1"/>
        <line num="192" count="5" type="stmt"/>
        <line num="195" count="5" type="cond" truecount="2" falsecount="0"/>
        <line num="197" count="4" type="stmt"/>
        <line num="198" count="4" type="stmt"/>
        <line num="199" count="1" type="stmt"/>
        <line num="200" count="1" type="stmt"/>
        <line num="202" count="3" type="stmt"/>
        <line num="203" count="3" type="stmt"/>
        <line num="209" count="45" type="stmt"/>
        <line num="213" count="1" type="cond" truecount="1" falsecount="1"/>
        <line num="214" count="1" type="stmt"/>
        <line num="215" count="1" type="stmt"/>
        <line num="217" count="1" type="stmt"/>
        <line num="218" count="1" type="stmt"/>
        <line num="219" count="1" type="stmt"/>
        <line num="220" count="1" type="stmt"/>
        <line num="221" count="1" type="stmt"/>
        <line num="335" count="6" type="stmt"/>
        <line num="338" count="1" type="stmt"/>
        <line num="353" count="1" type="stmt"/>
      </file>
      <file name="ReportSidebar.tsx" path="C:\Users\USER\Desktop\DESKTOP PROJECTS\s4\client\src\components\reports\ReportSidebar.tsx">
        <metrics statements="26" coveredstatements="24" conditionals="23" coveredconditionals="22" methods="10" coveredmethods="8"/>
        <line num="10" count="15" type="stmt"/>
        <line num="11" count="36" type="stmt"/>
        <line num="12" count="15" type="stmt"/>
        <line num="14" count="15" type="cond" truecount="2" falsecount="0"/>
        <line num="16" count="15" type="stmt"/>
        <line num="17" count="10" type="stmt"/>
        <line num="18" count="10" type="stmt"/>
        <line num="19" count="10" type="stmt"/>
        <line num="20" count="10" type="stmt"/>
        <line num="22" count="10" type="cond" truecount="2" falsecount="0"/>
        <line num="23" count="9" type="cond" truecount="2" falsecount="0"/>
        <line num="24" count="8" type="stmt"/>
        <line num="25" count="8" type="cond" truecount="2" falsecount="0"/>
        <line num="26" count="7" type="stmt"/>
        <line num="27" count="7" type="cond" truecount="2" falsecount="0"/>
        <line num="28" count="6" type="stmt"/>
        <line num="31" count="15" type="stmt"/>
        <line num="38" count="1" type="stmt"/>
        <line num="58" count="0" type="stmt"/>
        <line num="73" count="0" type="stmt"/>
        <line num="99" count="10" type="stmt"/>
        <line num="100" count="30" type="stmt"/>
        <line num="102" count="10" type="stmt"/>
        <line num="103" count="10" type="stmt"/>
        <line num="106" count="10" type="stmt"/>
        <line num="112" count="1" type="stmt"/>
      </file>
      <file name="VoiceUploadModal.tsx" path="C:\Users\USER\Desktop\DESKTOP PROJECTS\s4\client\src\components\reports\VoiceUploadModal.tsx">
        <metrics statements="207" coveredstatements="193" conditionals="104" coveredconditionals="82" methods="47" coveredmethods="42"/>
        <line num="29" count="7" type="stmt"/>
        <line num="31" count="7" type="cond" truecount="4" falsecount="0"/>
        <line num="33" count="5" type="stmt"/>
        <line num="37" count="5" type="stmt"/>
        <line num="38" count="5" type="cond" truecount="3" falsecount="1"/>
        <line num="40" count="5" type="cond" truecount="2" falsecount="0"/>
        <line num="41" count="4" type="cond" truecount="2" falsecount="0"/>
        <line num="43" count="3" type="stmt"/>
        <line num="44" count="3" type="stmt"/>
        <line num="45" count="2" type="cond" truecount="2" falsecount="0"/>
        <line num="46" count="1" type="cond" truecount="2" falsecount="0"/>
        <line num="49" count="3" type="cond" truecount="2" falsecount="0"/>
        <line num="51" count="2" type="stmt"/>
        <line num="52" count="2" type="cond" truecount="2" falsecount="0"/>
        <line num="54" count="1" type="cond" truecount="1" falsecount="1"/>
        <line num="55" count="1" type="stmt"/>
        <line num="56" count="1" type="cond" truecount="1" falsecount="1"/>
        <line num="59" count="0" type="stmt"/>
        <line num="63" count="202" type="stmt"/>
        <line num="64" count="255" type="stmt"/>
        <line num="65" count="202" type="stmt"/>
        <line num="68" count="202" type="stmt"/>
        <line num="69" count="202" type="stmt"/>
        <line num="70" count="202" type="stmt"/>
        <line num="71" count="202" type="stmt"/>
        <line num="72" count="202" type="stmt"/>
        <line num="73" count="202" type="stmt"/>
        <line num="74" count="202" type="stmt"/>
        <line num="75" count="202" type="stmt"/>
        <line num="76" count="202" type="stmt"/>
        <line num="77" count="202" type="stmt"/>
        <line num="78" count="202" type="stmt"/>
        <line num="81" count="202" type="stmt"/>
        <line num="82" count="202" type="stmt"/>
        <line num="89" count="202" type="stmt"/>
        <line num="101" count="202" type="stmt"/>
        <line num="102" count="41" type="stmt"/>
        <line num="103" count="41" type="cond" truecount="2" falsecount="0"/>
        <line num="104" count="41" type="cond" truecount="2" falsecount="0"/>
        <line num="105" count="18" type="stmt"/>
        <line num="106" count="18" type="stmt"/>
        <line num="108" count="41" type="cond" truecount="2" falsecount="0"/>
        <line num="109" count="18" type="stmt"/>
        <line num="110" count="18" type="stmt"/>
        <line num="115" count="202" type="stmt"/>
        <line num="116" count="44" type="cond" truecount="2" falsecount="0"/>
        <line num="117" count="40" type="stmt"/>
        <line num="118" count="40" type="stmt"/>
        <line num="121" count="202" type="stmt"/>
        <line num="122" count="61" type="cond" truecount="1" falsecount="1"/>
        <line num="123" count="0" type="stmt"/>
        <line num="124" count="0" type="stmt"/>
        <line num="126" count="61" type="cond" truecount="1" falsecount="1"/>
        <line num="127" count="0" type="stmt"/>
        <line num="128" count="0" type="stmt"/>
        <line num="131" count="61" type="stmt"/>
        <line num="132" count="61" type="stmt"/>
        <line num="133" count="61" type="stmt"/>
        <line num="135" count="61" type="cond" truecount="2" falsecount="0"/>
        <line num="137" count="19" type="stmt"/>
        <line num="138" count="19" type="stmt"/>
        <line num="139" count="19" type="stmt"/>
        <line num="140" count="19" type="stmt"/>
        <line num="142" count="19" type="stmt"/>
        <line num="143" count="1" type="cond" truecount="1" falsecount="1"/>
        <line num="144" count="1" type="stmt"/>
        <line num="147" count="19" type="stmt"/>
        <line num="148" count="1" type="cond" truecount="1" falsecount="1"/>
        <line num="149" count="1" type="stmt"/>
        <line num="152" count="19" type="stmt"/>
        <line num="153" count="1" type="stmt"/>
        <line num="154" count="1" type="stmt"/>
        <line num="157" count="19" type="stmt"/>
        <line num="158" count="19" type="stmt"/>
        <line num="159" count="19" type="stmt"/>
        <line num="161" count="19" type="stmt"/>
        <line num="162" count="19" type="stmt"/>
        <line num="163" count="19" type="stmt"/>
        <line num="164" count="19" type="stmt"/>
        <line num="165" count="19" type="stmt"/>
        <line num="166" count="19" type="cond" truecount="1" falsecount="1"/>
        <line num="167" count="0" type="stmt"/>
        <line num="168" count="0" type="stmt"/>
        <line num="170" count="19" type="cond" truecount="1" falsecount="1"/>
        <line num="171" count="0" type="stmt"/>
        <line num="177" count="202" type="stmt"/>
        <line num="178" count="23" type="stmt"/>
        <line num="179" count="23" type="stmt"/>
        <line num="180" count="22" type="stmt"/>
        <line num="181" count="22" type="stmt"/>
        <line num="182" count="22" type="stmt"/>
        <line num="183" count="22" type="stmt"/>
        <line num="185" count="22" type="stmt"/>
        <line num="186" count="19" type="cond" truecount="1" falsecount="1"/>
        <line num="189" count="22" type="stmt"/>
        <line num="190" count="19" type="stmt"/>
        <line num="191" count="19" type="stmt"/>
        <line num="192" count="19" type="stmt"/>
        <line num="195" count="22" type="stmt"/>
        <line num="196" count="22" type="stmt"/>
        <line num="198" count="22" type="stmt"/>
        <line num="199" count="0" type="stmt"/>
        <line num="202" count="1" type="stmt"/>
        <line num="208" count="202" type="stmt"/>
        <line num="209" count="19" type="stmt"/>
        <line num="210" count="19" type="stmt"/>
        <line num="211" count="19" type="cond" truecount="1" falsecount="1"/>
        <line num="212" count="19" type="stmt"/>
        <line num="213" count="19" type="stmt"/>
        <line num="217" count="202" type="stmt"/>
        <line num="218" count="1" type="stmt"/>
        <line num="219" count="1" type="stmt"/>
        <line num="220" count="1" type="stmt"/>
        <line num="221" count="1" type="stmt"/>
        <line num="222" count="1" type="stmt"/>
        <line num="223" count="1" type="cond" truecount="1" falsecount="1"/>
        <line num="224" count="1" type="stmt"/>
        <line num="225" count="1" type="stmt"/>
        <line num="226" count="1" type="stmt"/>
        <line num="228" count="1" type="cond" truecount="1" falsecount="1"/>
        <line num="229" count="1" type="stmt"/>
        <line num="230" count="1" type="stmt"/>
        <line num="234" count="202" type="stmt"/>
        <line num="235" count="4" type="stmt"/>
        <line num="236" count="4" type="cond" truecount="1" falsecount="1"/>
        <line num="238" count="4" type="cond" truecount="2" falsecount="0"/>
        <line num="239" count="1" type="stmt"/>
        <line num="240" count="1" type="stmt"/>
        <line num="241" count="1" type="stmt"/>
        <line num="244" count="3" type="stmt"/>
        <line num="245" count="3" type="cond" truecount="4" falsecount="0"/>
        <line num="246" count="1" type="stmt"/>
        <line num="247" count="1" type="stmt"/>
        <line num="249" count="3" type="stmt"/>
        <line num="250" count="2" type="stmt"/>
        <line num="252" count="1" type="stmt"/>
        <line num="253" count="1" type="stmt"/>
        <line num="258" count="202" type="stmt"/>
        <line num="259" count="3" type="stmt"/>
        <line num="260" count="3" type="cond" truecount="1" falsecount="1"/>
        <line num="261" count="3" type="stmt"/>
        <line num="262" count="3" type="cond" truecount="2" falsecount="0"/>
        <line num="263" count="1" type="stmt"/>
        <line num="264" count="1" type="stmt"/>
        <line num="266" count="2" type="stmt"/>
        <line num="268" count="3" type="stmt"/>
        <line num="271" count="202" type="stmt"/>
        <line num="272" count="3" type="stmt"/>
        <line num="273" count="3" type="cond" truecount="1" falsecount="1"/>
        <line num="274" count="3" type="stmt"/>
        <line num="275" count="3" type="cond" truecount="2" falsecount="0"/>
        <line num="276" count="1" type="stmt"/>
        <line num="277" count="1" type="stmt"/>
        <line num="279" count="2" type="stmt"/>
        <line num="281" count="3" type="stmt"/>
        <line num="284" count="202" type="stmt"/>
        <line num="285" count="1" type="stmt"/>
        <line num="286" count="202" type="stmt"/>
        <line num="287" count="1" type="stmt"/>
        <line num="290" count="202" type="stmt"/>
        <line num="291" count="10" type="cond" truecount="1" falsecount="1"/>
        <line num="292" count="0" type="stmt"/>
        <line num="293" count="0" type="stmt"/>
        <line num="296" count="10" type="cond" truecount="1" falsecount="1"/>
        <line num="297" count="10" type="cond" truecount="1" falsecount="1"/>
        <line num="298" count="10" type="stmt"/>
        <line num="299" count="10" type="stmt"/>
        <line num="301" count="10" type="cond" truecount="3" falsecount="1"/>
        <line num="302" count="0" type="stmt"/>
        <line num="303" count="0" type="stmt"/>
        <line num="306" count="10" type="cond" truecount="2" falsecount="0"/>
        <line num="310" count="1" type="stmt"/>
        <line num="311" count="1" type="stmt"/>
        <line num="315" count="9" type="stmt"/>
        <line num="316" count="9" type="stmt"/>
        <line num="317" count="9" type="stmt"/>
        <line num="318" count="9" type="stmt"/>
        <line num="320" count="9" type="stmt"/>
        <line num="321" count="9" type="stmt"/>
        <line num="322" count="9" type="cond" truecount="1" falsecount="1"/>
        <line num="323" count="9" type="stmt"/>
        <line num="324" count="9" type="stmt"/>
        <line num="325" count="9" type="stmt"/>
        <line num="326" count="9" type="stmt"/>
        <line num="327" count="9" type="stmt"/>
        <line num="328" count="9" type="stmt"/>
        <line num="329" count="9" type="stmt"/>
        <line num="331" count="9" type="stmt"/>
        <line num="332" count="9" type="stmt"/>
        <line num="334" count="9" type="stmt"/>
        <line num="335" count="9" type="stmt"/>
        <line num="336" count="2" type="stmt"/>
        <line num="337" count="2" type="stmt"/>
        <line num="339" count="7" type="stmt"/>
        <line num="343" count="202" type="stmt"/>
        <line num="344" count="101" type="stmt"/>
        <line num="346" count="202" type="stmt"/>
        <line num="349" count="0" type="stmt"/>
        <line num="496" count="191" type="stmt"/>
        <line num="504" count="2292" type="stmt"/>
        <line num="515" count="201" type="stmt"/>
        <line num="523" count="804" type="stmt"/>
        <line num="552" count="4" type="stmt"/>
        <line num="563" count="1" type="stmt"/>
        <line num="592" count="4" type="stmt"/>
        <line num="602" count="1" type="stmt"/>
        <line num="631" count="1" type="stmt"/>
      </file>
    </package>
    <package name="src.components.ui">
      <metrics statements="30" coveredstatements="30" conditionals="46" coveredconditionals="46" methods="12" coveredmethods="12"/>
      <file name="Button.tsx" path="C:\Users\USER\Desktop\DESKTOP PROJECTS\s4\client\src\components\ui\Button.tsx">
        <metrics statements="3" coveredstatements="3" conditionals="16" coveredconditionals="16" methods="1" coveredmethods="1"/>
        <line num="24" count="699" type="stmt"/>
        <line num="37" count="699" type="stmt"/>
        <line num="43" count="699" type="stmt"/>
      </file>
      <file name="Input.tsx" path="C:\Users\USER\Desktop\DESKTOP PROJECTS\s4\client\src\components\ui\Input.tsx">
        <metrics statements="4" coveredstatements="4" conditionals="11" coveredconditionals="11" methods="1" coveredmethods="1"/>
        <line num="11" count="5" type="stmt"/>
        <line num="13" count="1855" type="cond" truecount="2" falsecount="0"/>
        <line num="14" count="1855" type="stmt"/>
        <line num="58" count="5" type="stmt"/>
      </file>
      <file name="Modal.tsx" path="C:\Users\USER\Desktop\DESKTOP PROJECTS\s4\client\src\components\ui\Modal.tsx">
        <metrics statements="13" coveredstatements="13" conditionals="9" coveredconditionals="9" methods="6" coveredmethods="6"/>
        <line num="20" count="355" type="stmt"/>
        <line num="21" count="139" type="cond" truecount="2" falsecount="0"/>
        <line num="22" count="88" type="stmt"/>
        <line num="24" count="51" type="stmt"/>
        <line num="26" count="139" type="stmt"/>
        <line num="27" count="139" type="stmt"/>
        <line num="31" count="355" type="stmt"/>
        <line num="32" count="355" type="stmt"/>
        <line num="33" count="204" type="cond" truecount="2" falsecount="0"/>
        <line num="35" count="355" type="cond" truecount="2" falsecount="0"/>
        <line num="36" count="355" type="stmt"/>
        <line num="39" count="355" type="stmt"/>
        <line num="46" count="355" type="stmt"/>
      </file>
      <file name="S4Logo.tsx" path="C:\Users\USER\Desktop\DESKTOP PROJECTS\s4\client\src\components\ui\S4Logo.tsx">
        <metrics statements="3" coveredstatements="3" conditionals="1" coveredconditionals="1" methods="1" coveredmethods="1"/>
        <line num="4" count="42" type="stmt"/>
        <line num="5" count="42" type="stmt"/>
        <line num="7" count="42" type="stmt"/>
      </file>
      <file name="Select.tsx" path="C:\Users\USER\Desktop\DESKTOP PROJECTS\s4\client\src\components\ui\Select.tsx">
        <metrics statements="4" coveredstatements="4" conditionals="7" coveredconditionals="7" methods="1" coveredmethods="1"/>
        <line num="11" count="2" type="stmt"/>
        <line num="13" count="388" type="cond" truecount="2" falsecount="0"/>
        <line num="15" count="388" type="stmt"/>
        <line num="53" count="2" type="stmt"/>
      </file>
      <file name="Spinner.tsx" path="C:\Users\USER\Desktop\DESKTOP PROJECTS\s4\client\src\components\ui\Spinner.tsx">
        <metrics statements="3" coveredstatements="3" conditionals="2" coveredconditionals="2" methods="2" coveredmethods="2"/>
        <line num="9" count="10" type="stmt"/>
        <line num="15" count="10" type="stmt"/>
        <line num="27" count="3" type="stmt"/>
      </file>
    </package>
    <package name="src.hooks">
      <metrics statements="71" coveredstatements="71" conditionals="20" coveredconditionals="18" methods="25" coveredmethods="24"/>
      <file name="useAuth.ts" path="C:\Users\USER\Desktop\DESKTOP PROJECTS\s4\client\src\hooks\useAuth.ts">
        <metrics statements="16" coveredstatements="16" conditionals="2" coveredconditionals="1" methods="5" coveredmethods="5"/>
        <line num="13" count="11" type="stmt"/>
        <line num="14" count="11" type="stmt"/>
        <line num="21" count="11" type="stmt"/>
        <line num="22" count="30" type="stmt"/>
        <line num="23" count="11" type="stmt"/>
        <line num="25" count="11" type="stmt"/>
        <line num="27" count="1" type="stmt"/>
        <line num="32" count="11" type="stmt"/>
        <line num="34" count="1" type="stmt"/>
        <line num="39" count="11" type="stmt"/>
        <line num="40" count="1" type="cond" truecount="1" falsecount="1"/>
        <line num="41" count="1" type="stmt"/>
        <line num="42" count="1" type="stmt"/>
        <line num="47" count="1" type="stmt"/>
        <line num="48" count="1" type="stmt"/>
        <line num="51" count="11" type="stmt"/>
      </file>
      <file name="useGeolocation.ts" path="C:\Users\USER\Desktop\DESKTOP PROJECTS\s4\client\src\hooks\useGeolocation.ts">
        <metrics statements="18" coveredstatements="18" conditionals="8" coveredconditionals="8" methods="9" coveredmethods="9"/>
        <line num="11" count="9" type="cond" truecount="2" falsecount="0"/>
        <line num="14" count="9" type="cond" truecount="2" falsecount="0"/>
        <line num="15" count="2" type="stmt"/>
        <line num="22" count="7" type="stmt"/>
        <line num="30" count="9" type="stmt"/>
        <line num="37" count="14" type="stmt"/>
        <line num="39" count="14" type="stmt"/>
        <line num="40" count="4" type="cond" truecount="2" falsecount="0"/>
        <line num="42" count="3" type="stmt"/>
        <line num="44" count="3" type="stmt"/>
        <line num="46" count="1" type="stmt"/>
        <line num="54" count="1" type="stmt"/>
        <line num="65" count="14" type="stmt"/>
        <line num="66" count="9" type="cond" truecount="2" falsecount="0"/>
        <line num="68" count="7" type="stmt"/>
        <line num="70" count="1" type="stmt"/>
        <line num="78" count="1" type="stmt"/>
        <line num="89" count="14" type="stmt"/>
      </file>
      <file name="useWebSocket.ts" path="C:\Users\USER\Desktop\DESKTOP PROJECTS\s4\client\src\hooks\useWebSocket.ts">
        <metrics statements="37" coveredstatements="37" conditionals="10" coveredconditionals="9" methods="11" coveredmethods="10"/>
        <line num="7" count="12" type="stmt"/>
        <line num="8" count="12" type="stmt"/>
        <line num="11" count="12" type="stmt"/>
        <line num="12" count="12" type="stmt"/>
        <line num="13" count="12" type="stmt"/>
        <line num="14" count="24" type="stmt"/>
        <line num="16" count="12" type="stmt"/>
        <line num="17" count="10" type="cond" truecount="2" falsecount="0"/>
        <line num="19" count="9" type="cond" truecount="1" falsecount="1"/>
        <line num="20" count="10" type="stmt"/>
        <line num="21" count="10" type="stmt"/>
        <line num="23" count="10" type="stmt"/>
        <line num="24" count="10" type="stmt"/>
        <line num="26" count="10" type="stmt"/>
        <line num="27" count="2" type="stmt"/>
        <line num="30" count="10" type="stmt"/>
        <line num="31" count="2" type="stmt"/>
        <line num="32" count="2" type="stmt"/>
        <line num="34" count="2" type="cond" truecount="2" falsecount="0"/>
        <line num="36" count="1" type="stmt"/>
        <line num="45" count="10" type="stmt"/>
        <line num="46" count="2" type="stmt"/>
        <line num="48" count="2" type="stmt"/>
        <line num="49" count="1" type="stmt"/>
        <line num="53" count="10" type="stmt"/>
        <line num="54" count="1" type="stmt"/>
        <line num="58" count="12" type="stmt"/>
        <line num="59" count="9" type="stmt"/>
        <line num="60" count="9" type="stmt"/>
        <line num="62" count="9" type="stmt"/>
        <line num="63" count="9" type="cond" truecount="2" falsecount="0"/>
        <line num="64" count="2" type="stmt"/>
        <line num="66" count="9" type="cond" truecount="2" falsecount="0"/>
        <line num="69" count="8" type="stmt"/>
        <line num="70" count="8" type="stmt"/>
        <line num="71" count="8" type="stmt"/>
        <line num="76" count="12" type="stmt"/>
      </file>
    </package>
    <package name="src.pages">
      <metrics statements="337" coveredstatements="322" conditionals="236" coveredconditionals="186" methods="71" coveredmethods="65"/>
      <file name="DashboardPage.tsx" path="C:\Users\USER\Desktop\DESKTOP PROJECTS\s4\client\src\pages\DashboardPage.tsx">
        <metrics statements="174" coveredstatements="163" conditionals="120" coveredconditionals="93" methods="36" coveredmethods="32"/>
        <line num="33" count="1" type="stmt"/>
        <line num="42" count="2" type="stmt"/>
        <line num="58" count="1" type="stmt"/>
        <line num="89" count="1" type="stmt"/>
        <line num="95" count="1" type="stmt"/>
        <line num="98" count="5" type="stmt"/>
        <line num="107" count="8" type="stmt"/>
        <line num="116" count="2" type="stmt"/>
        <line num="117" count="2" type="stmt"/>
        <line num="118" count="2" type="stmt"/>
        <line num="120" count="2" type="stmt"/>
        <line num="124" count="2" type="stmt"/>
        <line num="125" count="2" type="stmt"/>
        <line num="134" count="9" type="stmt"/>
        <line num="135" count="9" type="cond" truecount="2" falsecount="0"/>
        <line num="136" count="1" type="stmt"/>
        <line num="140" count="1" type="stmt"/>
        <line num="142" count="8" type="stmt"/>
        <line num="144" count="5" type="stmt"/>
        <line num="145" count="5" type="stmt"/>
        <line num="147" count="5" type="cond" truecount="2" falsecount="0"/>
        <line num="148" count="3" type="stmt"/>
        <line num="150" count="2" type="stmt"/>
        <line num="159" count="2" type="cond" truecount="2" falsecount="0"/>
        <line num="162" count="2" type="stmt"/>
        <line num="171" count="62" type="stmt"/>
        <line num="172" count="62" type="stmt"/>
        <line num="173" count="62" type="stmt"/>
        <line num="174" count="62" type="stmt"/>
        <line num="175" count="62" type="stmt"/>
        <line num="177" count="62" type="stmt"/>
        <line num="178" count="62" type="stmt"/>
        <line num="179" count="97" type="stmt"/>
        <line num="181" count="62" type="stmt"/>
        <line num="182" count="97" type="stmt"/>
        <line num="183" count="62" type="stmt"/>
        <line num="186" count="62" type="stmt"/>
        <line num="187" count="62" type="stmt"/>
        <line num="188" count="62" type="stmt"/>
        <line num="191" count="62" type="stmt"/>
        <line num="192" count="62" type="stmt"/>
        <line num="193" count="62" type="stmt"/>
        <line num="194" count="62" type="stmt"/>
        <line num="195" count="62" type="stmt"/>
        <line num="196" count="62" type="stmt"/>
        <line num="198" count="62" type="stmt"/>
        <line num="199" count="62" type="stmt"/>
        <line num="200" count="62" type="stmt"/>
        <line num="203" count="62" type="stmt"/>
        <line num="204" count="32" type="cond" truecount="3" falsecount="1"/>
        <line num="206" count="32" type="stmt"/>
        <line num="208" count="32" type="stmt"/>
        <line num="216" count="32" type="stmt"/>
        <line num="217" count="32" type="stmt"/>
        <line num="226" count="32" type="stmt"/>
        <line num="227" count="11" type="stmt"/>
        <line num="231" count="32" type="stmt"/>
        <line num="232" count="4" type="stmt"/>
        <line num="233" count="4" type="stmt"/>
        <line num="235" count="4" type="cond" truecount="2" falsecount="0"/>
        <line num="236" count="1" type="stmt"/>
        <line num="239" count="1" type="stmt"/>
        <line num="240" count="1" type="stmt"/>
        <line num="243" count="3" type="cond" truecount="2" falsecount="0"/>
        <line num="245" count="1" type="cond" truecount="3" falsecount="1"/>
        <line num="250" count="1" type="stmt"/>
        <line num="251" count="1" type="stmt"/>
        <line num="254" count="2" type="stmt"/>
        <line num="255" count="2" type="stmt"/>
        <line num="256" count="2" type="stmt"/>
        <line num="257" count="2" type="stmt"/>
        <line num="258" count="2" type="cond" truecount="1" falsecount="1"/>
        <line num="259" count="0" type="cond" truecount="0" falsecount="2"/>
        <line num="260" count="0" type="stmt"/>
        <line num="263" count="2" type="cond" truecount="3" falsecount="1"/>
        <line num="264" count="0" type="stmt"/>
        <line num="265" count="0" type="stmt"/>
        <line num="268" count="2" type="stmt"/>
        <line num="269" count="2" type="stmt"/>
        <line num="271" count="2" type="stmt"/>
        <line num="278" count="2" type="cond" truecount="2" falsecount="0"/>
        <line num="279" count="1" type="stmt"/>
        <line num="282" count="1" type="stmt"/>
        <line num="285" count="1" type="stmt"/>
        <line num="294" count="0" type="stmt"/>
        <line num="295" count="0" type="stmt"/>
        <line num="299" count="32" type="stmt"/>
        <line num="301" count="32" type="stmt"/>
        <line num="302" count="32" type="stmt"/>
        <line num="303" count="32" type="stmt"/>
        <line num="308" count="62" type="stmt"/>
        <line num="310" count="11" type="cond" truecount="1" falsecount="1"/>
        <line num="313" count="11" type="stmt"/>
        <line num="314" count="11" type="stmt"/>
        <line num="316" count="11" type="stmt"/>
        <line num="317" count="11" type="stmt"/>
        <line num="318" count="33" type="stmt"/>
        <line num="320" count="11" type="cond" truecount="1" falsecount="1"/>
        <line num="322" count="11" type="stmt"/>
        <line num="323" count="11" type="stmt"/>
        <line num="324" count="11" type="stmt"/>
        <line num="342" count="11" type="stmt"/>
        <line num="343" count="0" type="stmt"/>
        <line num="346" count="11" type="stmt"/>
        <line num="350" count="11" type="stmt"/>
        <line num="357" count="62" type="stmt"/>
        <line num="358" count="11" type="cond" truecount="1" falsecount="1"/>
        <line num="360" count="11" type="stmt"/>
        <line num="361" count="11" type="stmt"/>
        <line num="363" count="11" type="stmt"/>
        <line num="364" count="11" type="stmt"/>
        <line num="365" count="11" type="stmt"/>
        <line num="367" count="11" type="cond" truecount="1" falsecount="1"/>
        <line num="369" count="11" type="stmt"/>
        <line num="370" count="11" type="stmt"/>
        <line num="387" count="11" type="stmt"/>
        <line num="400" count="11" type="stmt"/>
        <line num="405" count="11" type="stmt"/>
        <line num="410" count="62" type="stmt"/>
        <line num="411" count="43" type="cond" truecount="2" falsecount="0"/>
        <line num="412" count="11" type="cond" truecount="1" falsecount="1"/>
        <line num="413" count="11" type="stmt"/>
        <line num="417" count="62" type="stmt"/>
        <line num="418" count="44" type="cond" truecount="2" falsecount="0"/>
        <line num="419" count="11" type="cond" truecount="3" falsecount="1"/>
        <line num="420" count="11" type="stmt"/>
        <line num="422" count="0" type="stmt"/>
        <line num="423" count="0" type="stmt"/>
        <line num="427" count="62" type="stmt"/>
        <line num="428" count="1" type="cond" truecount="3" falsecount="1"/>
        <line num="429" count="1" type="stmt"/>
        <line num="430" count="1" type="cond" truecount="1" falsecount="1"/>
        <line num="432" count="1" type="stmt"/>
        <line num="433" count="1" type="stmt"/>
        <line num="436" count="62" type="stmt"/>
        <line num="437" count="3" type="cond" truecount="1" falsecount="1"/>
        <line num="440" count="3" type="cond" truecount="2" falsecount="0"/>
        <line num="441" count="1" type="stmt"/>
        <line num="442" count="1" type="stmt"/>
        <line num="446" count="3" type="stmt"/>
        <line num="447" count="3" type="stmt"/>
        <line num="481" count="3" type="stmt"/>
        <line num="485" count="3" type="stmt"/>
        <line num="487" count="3" type="stmt"/>
        <line num="495" count="62" type="stmt"/>
        <line num="496" count="11" type="cond" truecount="2" falsecount="0"/>
        <line num="497" count="1" type="stmt"/>
        <line num="498" count="1" type="stmt"/>
        <line num="499" count="1" type="stmt"/>
        <line num="502" count="10" type="cond" truecount="2" falsecount="0"/>
        <line num="504" count="3" type="cond" truecount="4" falsecount="0"/>
        <line num="509" count="3" type="stmt"/>
        <line num="510" count="3" type="stmt"/>
        <line num="513" count="7" type="stmt"/>
        <line num="514" count="7" type="stmt"/>
        <line num="515" count="7" type="stmt"/>
        <line num="516" count="6" type="cond" truecount="2" falsecount="0"/>
        <line num="517" count="5" type="cond" truecount="1" falsecount="1"/>
        <line num="518" count="5" type="stmt"/>
        <line num="521" count="1" type="cond" truecount="3" falsecount="1"/>
        <line num="522" count="0" type="stmt"/>
        <line num="523" count="0" type="stmt"/>
        <line num="526" count="1" type="stmt"/>
        <line num="527" count="1" type="stmt"/>
        <line num="529" count="1" type="cond" truecount="1" falsecount="1"/>
        <line num="530" count="1" type="stmt"/>
        <line num="540" count="1" type="stmt"/>
        <line num="542" count="7" type="stmt"/>
        <line num="546" count="62" type="stmt"/>
        <line num="602" count="1" type="stmt"/>
        <line num="626" count="186" type="stmt"/>
        <line num="628" count="1" type="stmt"/>
        <line num="697" count="366" type="stmt"/>
        <line num="707" count="244" type="stmt"/>
      </file>
      <file name="HomePage.tsx" path="C:\Users\USER\Desktop\DESKTOP PROJECTS\s4\client\src\pages\HomePage.tsx">
        <metrics statements="15" coveredstatements="15" conditionals="0" coveredconditionals="0" methods="10" coveredmethods="10"/>
        <line num="21" count="1" type="stmt"/>
        <line num="28" count="1" type="stmt"/>
        <line num="52" count="1" type="stmt"/>
        <line num="111" count="1" type="stmt"/>
        <line num="186" count="1" type="stmt"/>
        <line num="196" count="9" type="stmt"/>
        <line num="263" count="36" type="stmt"/>
        <line num="291" count="36" type="stmt"/>
        <line num="326" count="27" type="stmt"/>
        <line num="370" count="108" type="stmt"/>
        <line num="406" count="72" type="stmt"/>
        <line num="456" count="54" type="stmt"/>
        <line num="508" count="27" type="stmt"/>
        <line num="614" count="36" type="stmt"/>
        <line num="636" count="36" type="stmt"/>
      </file>
      <file name="LoginPage.tsx" path="C:\Users\USER\Desktop\DESKTOP PROJECTS\s4\client\src\pages\LoginPage.tsx">
        <metrics statements="37" coveredstatements="37" conditionals="24" coveredconditionals="19" methods="6" coveredmethods="6"/>
        <line num="25" count="27" type="stmt"/>
        <line num="26" count="27" type="stmt"/>
        <line num="27" count="27" type="stmt"/>
        <line num="28" count="27" type="stmt"/>
        <line num="29" count="27" type="stmt"/>
        <line num="30" count="27" type="stmt"/>
        <line num="32" count="27" type="stmt"/>
        <line num="36" count="27" type="stmt"/>
        <line num="41" count="27" type="stmt"/>
        <line num="42" count="6" type="stmt"/>
        <line num="43" count="6" type="stmt"/>
        <line num="45" count="5" type="cond" truecount="4" falsecount="0"/>
        <line num="46" count="4" type="stmt"/>
        <line num="47" count="4" type="stmt"/>
        <line num="48" count="4" type="stmt"/>
        <line num="49" count="4" type="stmt"/>
        <line num="50" count="4" type="stmt"/>
        <line num="51" count="1" type="cond" truecount="4" falsecount="1"/>
        <line num="52" count="1" type="stmt"/>
        <line num="57" count="1" type="stmt"/>
        <line num="58" count="1" type="stmt"/>
        <line num="61" count="1" type="stmt"/>
        <line num="62" count="1" type="stmt"/>
        <line num="68" count="27" type="stmt"/>
        <line num="69" count="2" type="stmt"/>
        <line num="70" count="2" type="stmt"/>
        <line num="75" count="1" type="stmt"/>
        <line num="80" count="1" type="stmt"/>
        <line num="81" count="1" type="stmt"/>
        <line num="83" count="1" type="stmt"/>
        <line num="84" count="1" type="cond" truecount="1" falsecount="1"/>
        <line num="88" count="27" type="stmt"/>
        <line num="162" count="20" type="stmt"/>
        <line num="174" count="12" type="stmt"/>
        <line num="177" count="12" type="stmt"/>
        <line num="198" count="1" type="stmt"/>
        <line num="199" count="1" type="stmt"/>
      </file>
      <file name="ProfilePage.tsx" path="C:\Users\USER\Desktop\DESKTOP PROJECTS\s4\client\src\pages\ProfilePage.tsx">
        <metrics statements="55" coveredstatements="53" conditionals="36" coveredconditionals="25" methods="9" coveredmethods="7"/>
        <line num="36" count="61" type="stmt"/>
        <line num="37" count="61" type="stmt"/>
        <line num="40" count="61" type="stmt"/>
        <line num="41" count="61" type="stmt"/>
        <line num="50" count="61" type="stmt"/>
        <line num="51" count="61" type="stmt"/>
        <line num="53" count="61" type="stmt"/>
        <line num="55" count="61" type="stmt"/>
        <line num="56" count="61" type="stmt"/>
        <line num="57" count="61" type="stmt"/>
        <line num="59" count="61" type="stmt"/>
        <line num="62" count="61" type="stmt"/>
        <line num="66" count="61" type="stmt"/>
        <line num="68" count="61" type="stmt"/>
        <line num="69" count="2" type="stmt"/>
        <line num="70" count="2" type="stmt"/>
        <line num="71" count="1" type="stmt"/>
        <line num="72" count="1" type="stmt"/>
        <line num="73" count="1" type="cond" truecount="1" falsecount="1"/>
        <line num="75" count="1" type="stmt"/>
        <line num="76" count="1" type="cond" truecount="1" falsecount="1"/>
        <line num="80" count="61" type="stmt"/>
        <line num="81" count="6" type="stmt"/>
        <line num="82" count="6" type="stmt"/>
        <line num="83" count="5" type="stmt"/>
        <line num="84" count="5" type="stmt"/>
        <line num="85" count="5" type="stmt"/>
        <line num="87" count="1" type="stmt"/>
        <line num="91" count="61" type="stmt"/>
        <line num="92" count="3" type="stmt"/>
        <line num="93" count="3" type="stmt"/>
        <line num="94" count="2" type="stmt"/>
        <line num="95" count="2" type="stmt"/>
        <line num="96" count="2" type="stmt"/>
        <line num="97" count="2" type="stmt"/>
        <line num="98" count="2" type="cond" truecount="1" falsecount="1"/>
        <line num="100" count="1" type="stmt"/>
        <line num="101" count="1" type="cond" truecount="1" falsecount="1"/>
        <line num="105" count="61" type="stmt"/>
        <line num="106" count="2" type="stmt"/>
        <line num="107" count="2" type="stmt"/>
        <line num="108" count="1" type="stmt"/>
        <line num="109" count="1" type="stmt"/>
        <line num="110" count="1" type="stmt"/>
        <line num="111" count="1" type="stmt"/>
        <line num="112" count="1" type="cond" truecount="1" falsecount="1"/>
        <line num="114" count="1" type="stmt"/>
        <line num="115" count="1" type="cond" truecount="1" falsecount="1"/>
        <line num="119" count="61" type="cond" truecount="1" falsecount="1"/>
        <line num="120" count="61" type="cond" truecount="1" falsecount="1"/>
        <line num="122" count="61" type="stmt"/>
        <line num="224" count="3" type="stmt"/>
        <line num="268" count="0" type="stmt"/>
        <line num="324" count="0" type="stmt"/>
        <line num="367" count="183" type="stmt"/>
      </file>
      <file name="RegisterPage.tsx" path="C:\Users\USER\Desktop\DESKTOP PROJECTS\s4\client\src\pages\RegisterPage.tsx">
        <metrics statements="40" coveredstatements="38" conditionals="34" coveredconditionals="31" methods="5" coveredmethods="5"/>
        <line num="28" count="340" type="stmt"/>
        <line num="29" count="340" type="stmt"/>
        <line num="30" count="340" type="stmt"/>
        <line num="32" count="340" type="stmt"/>
        <line num="42" count="340" type="stmt"/>
        <line num="47" count="340" type="stmt"/>
        <line num="48" count="340" type="stmt"/>
        <line num="49" count="340" type="stmt"/>
        <line num="52" count="340" type="stmt"/>
        <line num="53" count="170" type="stmt"/>
        <line num="56" count="340" type="stmt"/>
        <line num="57" count="8" type="stmt"/>
        <line num="58" count="8" type="cond" truecount="1" falsecount="1"/>
        <line num="59" count="8" type="stmt"/>
        <line num="60" count="8" type="stmt"/>
        <line num="65" count="6" type="stmt"/>
        <line num="66" count="6" type="stmt"/>
        <line num="68" count="2" type="stmt"/>
        <line num="69" count="2" type="stmt"/>
        <line num="70" count="2" type="stmt"/>
        <line num="79" count="340" type="stmt"/>
        <line num="80" count="5" type="cond" truecount="1" falsecount="1"/>
        <line num="81" count="0" type="stmt"/>
        <line num="82" count="0" type="stmt"/>
        <line num="84" count="5" type="stmt"/>
        <line num="85" count="5" type="stmt"/>
        <line num="86" count="1" type="stmt"/>
        <line num="89" count="1" type="stmt"/>
        <line num="91" count="4" type="stmt"/>
        <line num="92" count="4" type="stmt"/>
        <line num="93" count="4" type="cond" truecount="2" falsecount="0"/>
        <line num="94" count="3" type="stmt"/>
        <line num="104" count="3" type="stmt"/>
        <line num="105" count="4" type="cond" truecount="2" falsecount="0"/>
        <line num="106" count="2" type="cond" truecount="2" falsecount="0"/>
        <line num="109" count="2" type="stmt"/>
        <line num="112" count="3" type="cond" truecount="4" falsecount="0"/>
        <line num="113" count="2" type="cond" truecount="2" falsecount="0"/>
        <line num="116" count="1" type="stmt"/>
        <line num="121" count="340" type="stmt"/>
      </file>
      <file name="VerifyEmailPage.tsx" path="C:\Users\USER\Desktop\DESKTOP PROJECTS\s4\client\src\pages\VerifyEmailPage.tsx">
        <metrics statements="16" coveredstatements="16" conditionals="22" coveredconditionals="18" methods="5" coveredmethods="5"/>
        <line num="9" count="8" type="stmt"/>
        <line num="12" count="6" type="stmt"/>
        <line num="13" count="6" type="stmt"/>
        <line num="16" count="6" type="cond" truecount="1" falsecount="1"/>
        <line num="17" count="6" type="stmt"/>
        <line num="20" count="6" type="stmt"/>
        <line num="24" count="6" type="stmt"/>
        <line num="25" count="5" type="cond" truecount="4" falsecount="0"/>
        <line num="27" count="3" type="stmt"/>
        <line num="30" count="2" type="stmt"/>
        <line num="31" count="2" type="stmt"/>
        <line num="32" count="2" type="stmt"/>
        <line num="35" count="1" type="stmt"/>
        <line num="36" count="1" type="stmt"/>
        <line num="37" count="1" type="cond" truecount="1" falsecount="1"/>
        <line num="41" count="6" type="stmt"/>
      </file>
    </package>
    <package name="src.schemas">
      <metrics statements="7" coveredstatements="7" conditionals="0" coveredconditionals="0" methods="1" coveredmethods="1"/>
      <file name="authSchemas.ts" path="C:\Users\USER\Desktop\DESKTOP PROJECTS\s4\client\src\schemas\authSchemas.ts">
        <metrics statements="6" coveredstatements="6" conditionals="0" coveredconditionals="0" methods="1" coveredmethods="1"/>
        <line num="3" count="4" type="stmt"/>
        <line num="36" count="30" type="stmt"/>
        <line num="43" count="4" type="stmt"/>
        <line num="50" count="4" type="stmt"/>
        <line num="59" count="4" type="stmt"/>
        <line num="67" count="4" type="stmt"/>
      </file>
      <file name="reportSchemas.ts" path="C:\Users\USER\Desktop\DESKTOP PROJECTS\s4\client\src\schemas\reportSchemas.ts">
        <metrics statements="1" coveredstatements="1" conditionals="0" coveredconditionals="0" methods="0" coveredmethods="0"/>
        <line num="3" count="2" type="stmt"/>
      </file>
    </package>
    <package name="src.store">
      <metrics statements="4" coveredstatements="4" conditionals="0" coveredconditionals="0" methods="1" coveredmethods="1"/>
      <file name="index.ts" path="C:\Users\USER\Desktop\DESKTOP PROJECTS\s4\client\src\store\index.ts">
        <metrics statements="4" coveredstatements="4" conditionals="0" coveredconditionals="0" methods="1" coveredmethods="1"/>
        <line num="13" count="11" type="stmt"/>
        <line num="22" count="11" type="stmt"/>
        <line num="31" count="11" type="stmt"/>
        <line num="32" count="11" type="stmt"/>
      </file>
    </package>
    <package name="src.store.api">
      <metrics statements="59" coveredstatements="58" conditionals="22" coveredconditionals="21" methods="31" coveredmethods="30"/>
      <file name="authApi.ts" path="C:\Users\USER\Desktop\DESKTOP PROJECTS\s4\client\src\store\api\authApi.ts">
        <metrics statements="17" coveredstatements="17" conditionals="0" coveredconditionals="0" methods="15" coveredmethods="15"/>
        <line num="11" count="11" type="stmt"/>
        <line num="15" count="11" type="stmt"/>
        <line num="17" count="1" type="stmt"/>
        <line num="25" count="1" type="stmt"/>
        <line num="33" count="1" type="stmt"/>
        <line num="43" count="1" type="stmt"/>
        <line num="51" count="1" type="stmt"/>
        <line num="58" count="1" type="stmt"/>
        <line num="70" count="1" type="stmt"/>
        <line num="81" count="1" type="stmt"/>
        <line num="92" count="1" type="stmt"/>
        <line num="104" count="1" type="stmt"/>
        <line num="116" count="1" type="stmt"/>
        <line num="124" count="1" type="stmt"/>
        <line num="129" count="1" type="stmt"/>
        <line num="138" count="1" type="stmt"/>
        <line num="162" count="11" type="stmt"/>
      </file>
      <file name="baseQuery.ts" path="C:\Users\USER\Desktop\DESKTOP PROJECTS\s4\client\src\store\api\baseQuery.ts">
        <metrics statements="18" coveredstatements="18" conditionals="10" coveredconditionals="10" methods="2" coveredmethods="2"/>
        <line num="10" count="15" type="stmt"/>
        <line num="14" count="2" type="stmt"/>
        <line num="15" count="2" type="cond" truecount="2" falsecount="0"/>
        <line num="16" count="1" type="stmt"/>
        <line num="18" count="2" type="stmt"/>
        <line num="26" count="15" type="stmt"/>
        <line num="27" count="5" type="stmt"/>
        <line num="29" count="5" type="cond" truecount="4" falsecount="0"/>
        <line num="30" count="3" type="stmt"/>
        <line num="32" count="3" type="cond" truecount="2" falsecount="0"/>
        <line num="33" count="2" type="stmt"/>
        <line num="43" count="2" type="cond" truecount="2" falsecount="0"/>
        <line num="44" count="1" type="stmt"/>
        <line num="45" count="1" type="stmt"/>
        <line num="48" count="1" type="stmt"/>
        <line num="50" count="1" type="stmt"/>
        <line num="53" count="1" type="stmt"/>
        <line num="57" count="5" type="stmt"/>
      </file>
      <file name="reportApi.ts" path="C:\Users\USER\Desktop\DESKTOP PROJECTS\s4\client\src\store\api\reportApi.ts">
        <metrics statements="17" coveredstatements="16" conditionals="8" coveredconditionals="7" methods="11" coveredmethods="10"/>
        <line num="14" count="15" type="stmt"/>
        <line num="18" count="15" type="stmt"/>
        <line num="21" count="3" type="stmt"/>
        <line num="22" count="3" type="cond" truecount="2" falsecount="0"/>
        <line num="23" count="2" type="stmt"/>
        <line num="24" count="6" type="cond" truecount="4" falsecount="0"/>
        <line num="25" count="4" type="stmt"/>
        <line num="29" count="3" type="stmt"/>
        <line num="32" count="3" type="cond" truecount="1" falsecount="1"/>
        <line num="34" count="0" type="stmt"/>
        <line num="44" count="1" type="stmt"/>
        <line num="45" count="1" type="stmt"/>
        <line num="49" count="1" type="stmt"/>
        <line num="58" count="1" type="stmt"/>
        <line num="62" count="1" type="stmt"/>
        <line num="70" count="1" type="stmt"/>
        <line num="82" count="15" type="stmt"/>
      </file>
      <file name="stationApi.ts" path="C:\Users\USER\Desktop\DESKTOP PROJECTS\s4\client\src\store\api\stationApi.ts">
        <metrics statements="7" coveredstatements="7" conditionals="4" coveredconditionals="4" methods="3" coveredmethods="3"/>
        <line num="12" count="15" type="stmt"/>
        <line num="16" count="15" type="stmt"/>
        <line num="19" count="2" type="stmt"/>
        <line num="20" count="2" type="cond" truecount="2" falsecount="0"/>
        <line num="21" count="2" type="stmt"/>
        <line num="28" count="2" type="stmt"/>
        <line num="33" count="15" type="stmt"/>
      </file>
    </package>
    <package name="src.store.slices">
      <metrics statements="40" coveredstatements="40" conditionals="2" coveredconditionals="2" methods="11" coveredmethods="11"/>
      <file name="authSlice.ts" path="C:\Users\USER\Desktop\DESKTOP PROJECTS\s4\client\src\store\slices\authSlice.ts">
        <metrics statements="27" coveredstatements="27" conditionals="2" coveredconditionals="2" methods="5" coveredmethods="5"/>
        <line num="13" count="19" type="stmt"/>
        <line num="22" count="19" type="stmt"/>
        <line num="30" count="2" type="stmt"/>
        <line num="31" count="2" type="stmt"/>
        <line num="32" count="2" type="stmt"/>
        <line num="33" count="2" type="stmt"/>
        <line num="34" count="2" type="stmt"/>
        <line num="35" count="2" type="stmt"/>
        <line num="36" count="2" type="stmt"/>
        <line num="37" count="2" type="stmt"/>
        <line num="40" count="2" type="stmt"/>
        <line num="41" count="2" type="stmt"/>
        <line num="44" count="5" type="stmt"/>
        <line num="50" count="2" type="stmt"/>
        <line num="51" count="2" type="stmt"/>
        <line num="52" count="2" type="cond" truecount="2" falsecount="0"/>
        <line num="53" count="1" type="stmt"/>
        <line num="54" count="1" type="stmt"/>
        <line num="58" count="2" type="stmt"/>
        <line num="59" count="2" type="stmt"/>
        <line num="60" count="2" type="stmt"/>
        <line num="61" count="2" type="stmt"/>
        <line num="62" count="2" type="stmt"/>
        <line num="63" count="2" type="stmt"/>
        <line num="64" count="2" type="stmt"/>
        <line num="65" count="2" type="stmt"/>
        <line num="71" count="19" type="stmt"/>
      </file>
      <file name="uiSlice.ts" path="C:\Users\USER\Desktop\DESKTOP PROJECTS\s4\client\src\store\slices\uiSlice.ts">
        <metrics statements="13" coveredstatements="13" conditionals="0" coveredconditionals="0" methods="6" coveredmethods="6"/>
        <line num="18" count="15" type="stmt"/>
        <line num="27" count="15" type="stmt"/>
        <line num="40" count="3" type="stmt"/>
        <line num="41" count="3" type="stmt"/>
        <line num="44" count="4" type="stmt"/>
        <line num="45" count="4" type="stmt"/>
        <line num="48" count="2" type="stmt"/>
        <line num="49" count="2" type="stmt"/>
        <line num="52" count="3" type="stmt"/>
        <line num="53" count="3" type="stmt"/>
        <line num="56" count="4" type="stmt"/>
        <line num="59" count="3" type="stmt"/>
        <line num="71" count="15" type="stmt"/>
      </file>
    </package>
    <package name="src.types">
      <metrics statements="3" coveredstatements="3" conditionals="0" coveredconditionals="0" methods="0" coveredmethods="0"/>
      <file name="index.ts" path="C:\Users\USER\Desktop\DESKTOP PROJECTS\s4\client\src\types\index.ts">
        <metrics statements="3" coveredstatements="3" conditionals="0" coveredconditionals="0" methods="0" coveredmethods="0"/>
        <line num="135" count="5" type="stmt"/>
        <line num="154" count="5" type="stmt"/>
        <line num="165" count="5" type="stmt"/>
      </file>
    </package>
  </project>
</coverage>
