{"C:\\Users\\USER\\Desktop\\DESKTOP PROJECTS\\s4\\client\\src\\App.tsx": {"path":"C:\\Users\\USER\\Desktop\\DESKTOP PROJECTS\\s4\\client\\src\\App.tsx","statementMap":{"0":{"start":{"line":6,"column":2},"end":{"line":23,"column":null}}},"fnMap":{"0":{"name":"App","decl":{"start":{"line":5,"column":24},"end":{"line":5,"column":30}},"loc":{"start":{"line":5,"column":30},"end":{"line":23,"column":null}},"line":5}},"branchMap":{},"s":{"0":3},"f":{"0":3},"b":{},"meta":{"lastBranch":0,"lastFunction":1,"lastStatement":1,"seen":{"f:5:24:5:30":0,"s:6:2:23:Infinity":0}}}
,"C:\\Users\\USER\\Desktop\\DESKTOP PROJECTS\\s4\\client\\src\\router.tsx": {"path":"C:\\Users\\USER\\Desktop\\DESKTOP PROJECTS\\s4\\client\\src\\router.tsx","statementMap":{"0":{"start":{"line":12,"column":13},"end":{"line":36,"column":2}}},"fnMap":{},"branchMap":{},"s":{"0":1},"f":{},"b":{},"meta":{"lastBranch":0,"lastFunction":0,"lastStatement":1,"seen":{"s:12:13:36:2":0}}}
,"C:\\Users\\USER\\Desktop\\DESKTOP PROJECTS\\s4\\client\\src\\components\\auth\\ProtectedRoute.tsx": {"path":"C:\\Users\\USER\\Desktop\\DESKTOP PROJECTS\\s4\\client\\src\\components\\auth\\ProtectedRoute.tsx","statementMap":{"0":{"start":{"line":15,"column":10},"end":{"line":15,"column":67}},"1":{"start":{"line":15,"column":56},"end":{"line":15,"column":67}},"2":{"start":{"line":16,"column":8},"end":{"line":16,"column":32}},"3":{"start":{"line":20,"column":4},"end":{"line":23,"column":4}},"4":{"start":{"line":25,"column":2},"end":{"line":26,"column":null}},"5":{"start":{"line":26,"column":4},"end":{"line":26,"column":null}},"6":{"start":{"line":29,"column":2},"end":{"line":30,"column":null}},"7":{"start":{"line":30,"column":4},"end":{"line":30,"column":null}},"8":{"start":{"line":33,"column":2},"end":{"line":34,"column":null}},"9":{"start":{"line":34,"column":4},"end":{"line":34,"column":null}},"10":{"start":{"line":37,"column":2},"end":{"line":38,"column":null}},"11":{"start":{"line":38,"column":4},"end":{"line":38,"column":null}},"12":{"start":{"line":41,"column":2},"end":{"line":41,"column":null}}},"fnMap":{"0":{"name":"ProtectedRoute","decl":{"start":{"line":11,"column":24},"end":{"line":11,"column":39}},"loc":{"start":{"line":14,"column":24},"end":{"line":41,"column":null}},"line":14},"1":{"name":"(anonymous_1)","decl":{"start":{"line":15,"column":30},"end":{"line":15,"column":46}},"loc":{"start":{"line":15,"column":56},"end":{"line":15,"column":67}},"line":15}},"branchMap":{"0":{"loc":{"start":{"line":13,"column":2},"end":{"line":13,"column":null}},"type":"default-arg","locations":[{"start":{"line":13,"column":15},"end":{"line":13,"column":null}}],"line":13},"1":{"loc":{"start":{"line":25,"column":2},"end":{"line":26,"column":null}},"type":"if","locations":[{"start":{"line":25,"column":2},"end":{"line":26,"column":null}},{"start":{},"end":{}}],"line":25},"2":{"loc":{"start":{"line":29,"column":2},"end":{"line":30,"column":null}},"type":"if","locations":[{"start":{"line":29,"column":2},"end":{"line":30,"column":null}},{"start":{},"end":{}}],"line":29},"3":{"loc":{"start":{"line":33,"column":2},"end":{"line":34,"column":null}},"type":"if","locations":[{"start":{"line":33,"column":2},"end":{"line":34,"column":null}},{"start":{},"end":{}}],"line":33},"4":{"loc":{"start":{"line":37,"column":2},"end":{"line":38,"column":null}},"type":"if","locations":[{"start":{"line":37,"column":2},"end":{"line":38,"column":null}},{"start":{},"end":{}}],"line":37},"5":{"loc":{"start":{"line":37,"column":6},"end":{"line":37,"column":48}},"type":"binary-expr","locations":[{"start":{"line":37,"column":6},"end":{"line":37,"column":20}},{"start":{"line":37,"column":20},"end":{"line":37,"column":28}},{"start":{"line":37,"column":28},"end":{"line":37,"column":48}}],"line":37}},"s":{"0":7,"1":14,"2":7,"3":7,"4":7,"5":2,"6":5,"7":1,"8":4,"9":1,"10":3,"11":1,"12":2},"f":{"0":7,"1":14},"b":{"0":[7],"1":[2,5],"2":[1,4],"3":[1,3],"4":[1,2],"5":[3,2,2]},"meta":{"lastBranch":6,"lastFunction":2,"lastStatement":13,"seen":{"f:11:24:11:39":0,"b:13:15:13:Infinity":0,"s:15:10:15:67":0,"f:15:30:15:46":1,"s:15:56:15:67":1,"s:16:8:16:32":2,"s:20:4:23:4":3,"b:25:2:26:Infinity:undefined:undefined:undefined:undefined":1,"s:25:2:26:Infinity":4,"s:26:4:26:Infinity":5,"b:29:2:30:Infinity:undefined:undefined:undefined:undefined":2,"s:29:2:30:Infinity":6,"s:30:4:30:Infinity":7,"b:33:2:34:Infinity:undefined:undefined:undefined:undefined":3,"s:33:2:34:Infinity":8,"s:34:4:34:Infinity":9,"b:37:2:38:Infinity:undefined:undefined:undefined:undefined":4,"s:37:2:38:Infinity":10,"b:37:6:37:20:37:20:37:28:37:28:37:48":5,"s:38:4:38:Infinity":11,"s:41:2:41:Infinity":12}}}
,"C:\\Users\\USER\\Desktop\\DESKTOP PROJECTS\\s4\\client\\src\\components\\layout\\Header.tsx": {"path":"C:\\Users\\USER\\Desktop\\DESKTOP PROJECTS\\s4\\client\\src\\components\\layout\\Header.tsx","statementMap":{"0":{"start":{"line":18,"column":33},"end":{"line":18,"column":53}},"1":{"start":{"line":19,"column":8},"end":{"line":19,"column":35}},"2":{"start":{"line":20,"column":8},"end":{"line":20,"column":32}},"3":{"start":{"line":21,"column":25},"end":{"line":21,"column":61}},"4":{"start":{"line":23,"column":8},"end":{"line":23,"column":56}},"5":{"start":{"line":23,"column":32},"end":{"line":23,"column":56}},"6":{"start":{"line":25,"column":2},"end":{"line":243,"column":null}},"7":{"start":{"line":66,"column":33},"end":{"line":66,"column":55}},"8":{"start":{"line":75,"column":33},"end":{"line":75,"column":53}},"9":{"start":{"line":120,"column":31},"end":{"line":120,"column":56}},"10":{"start":{"line":128,"column":29},"end":{"line":128,"column":57}},"11":{"start":{"line":128,"column":54},"end":{"line":128,"column":57}},"12":{"start":{"line":188,"column":24},"end":{"line":188,"column":null}},"13":{"start":{"line":189,"column":24},"end":{"line":189,"column":null}},"14":{"start":{"line":196,"column":24},"end":{"line":196,"column":null}},"15":{"start":{"line":197,"column":24},"end":{"line":197,"column":null}},"16":{"start":{"line":205,"column":26},"end":{"line":205,"column":null}},"17":{"start":{"line":206,"column":26},"end":{"line":206,"column":null}},"18":{"start":{"line":258,"column":2},"end":{"line":268,"column":null}}},"fnMap":{"0":{"name":"Header","decl":{"start":{"line":17,"column":24},"end":{"line":17,"column":33}},"loc":{"start":{"line":17,"column":33},"end":{"line":243,"column":null}},"line":17},"1":{"name":"(anonymous_1)","decl":{"start":{"line":23,"column":8},"end":{"line":23,"column":32}},"loc":{"start":{"line":23,"column":32},"end":{"line":23,"column":56}},"line":23},"2":{"name":"(anonymous_2)","decl":{"start":{"line":66,"column":18},"end":{"line":66,"column":33}},"loc":{"start":{"line":66,"column":33},"end":{"line":66,"column":55}},"line":66},"3":{"name":"(anonymous_3)","decl":{"start":{"line":75,"column":18},"end":{"line":75,"column":33}},"loc":{"start":{"line":75,"column":33},"end":{"line":75,"column":53}},"line":75},"4":{"name":"(anonymous_4)","decl":{"start":{"line":120,"column":16},"end":{"line":120,"column":31}},"loc":{"start":{"line":120,"column":31},"end":{"line":120,"column":56}},"line":120},"5":{"name":"(anonymous_5)","decl":{"start":{"line":128,"column":14},"end":{"line":128,"column":29}},"loc":{"start":{"line":128,"column":29},"end":{"line":128,"column":57}},"line":128},"6":{"name":"(anonymous_6)","decl":{"start":{"line":128,"column":29},"end":{"line":128,"column":48}},"loc":{"start":{"line":128,"column":54},"end":{"line":128,"column":57}},"line":128},"7":{"name":"(anonymous_7)","decl":{"start":{"line":187,"column":22},"end":{"line":187,"column":37}},"loc":{"start":{"line":187,"column":37},"end":{"line":189,"column":null}},"line":187},"8":{"name":"(anonymous_8)","decl":{"start":{"line":195,"column":22},"end":{"line":195,"column":37}},"loc":{"start":{"line":195,"column":37},"end":{"line":197,"column":null}},"line":195},"9":{"name":"(anonymous_9)","decl":{"start":{"line":204,"column":24},"end":{"line":204,"column":39}},"loc":{"start":{"line":204,"column":39},"end":{"line":206,"column":null}},"line":204},"10":{"name":"MobileNavItem","decl":{"start":{"line":247,"column":9},"end":{"line":247,"column":23}},"loc":{"start":{"line":257,"column":3},"end":{"line":268,"column":null}},"line":257}},"branchMap":{"0":{"loc":{"start":{"line":53,"column":13},"end":{"line":112,"column":null}},"type":"cond-expr","locations":[{"start":{"line":54,"column":14},"end":{"line":89,"column":null}},{"start":{"line":91,"column":14},"end":{"line":112,"column":null}}],"line":53},"1":{"loc":{"start":{"line":58,"column":64},"end":{"line":58,"column":null}},"type":"cond-expr","locations":[{"start":{"line":58,"column":85},"end":{"line":58,"column":104}},{"start":{"line":58,"column":104},"end":{"line":58,"column":null}}],"line":58},"2":{"loc":{"start":{"line":118,"column":13},"end":{"line":127,"column":13}},"type":"binary-expr","locations":[{"start":{"line":118,"column":13},"end":{"line":118,"column":null}},{"start":{"line":119,"column":14},"end":{"line":127,"column":13}}],"line":118},"3":{"loc":{"start":{"line":132,"column":15},"end":{"line":135,"column":null}},"type":"cond-expr","locations":[{"start":{"line":133,"column":16},"end":{"line":135,"column":17}},{"start":{"line":135,"column":16},"end":{"line":135,"column":null}}],"line":132},"4":{"loc":{"start":{"line":144,"column":9},"end":{"line":240,"column":null}},"type":"binary-expr","locations":[{"start":{"line":144,"column":9},"end":{"line":144,"column":null}},{"start":{"line":145,"column":10},"end":{"line":240,"column":null}}],"line":144},"5":{"loc":{"start":{"line":163,"column":17},"end":{"line":236,"column":null}},"type":"cond-expr","locations":[{"start":{"line":164,"column":18},"end":{"line":211,"column":null}},{"start":{"line":213,"column":18},"end":{"line":236,"column":null}}],"line":163},"6":{"loc":{"start":{"line":180,"column":80},"end":{"line":180,"column":null}},"type":"cond-expr","locations":[{"start":{"line":180,"column":101},"end":{"line":180,"column":120}},{"start":{"line":180,"column":120},"end":{"line":180,"column":null}}],"line":180},"7":{"loc":{"start":{"line":251,"column":2},"end":{"line":251,"column":null}},"type":"default-arg","locations":[{"start":{"line":251,"column":11},"end":{"line":251,"column":null}}],"line":251},"8":{"loc":{"start":{"line":262,"column":8},"end":{"line":264,"column":null}},"type":"cond-expr","locations":[{"start":{"line":263,"column":12},"end":{"line":263,"column":null}},{"start":{"line":264,"column":12},"end":{"line":264,"column":null}}],"line":262}},"s":{"0":30,"1":30,"2":30,"3":30,"4":30,"5":3,"6":30,"7":1,"8":1,"9":1,"10":5,"11":5,"12":1,"13":1,"14":1,"15":1,"16":1,"17":1,"18":15},"f":{"0":30,"1":3,"2":1,"3":1,"4":1,"5":5,"6":5,"7":1,"8":1,"9":1,"10":15},"b":{"0":[21,6],"1":[21,0],"2":[30,21],"3":[5,22],"4":[30,5],"5":[5,0],"6":[5,0],"7":[15],"8":[5,10]},"meta":{"lastBranch":9,"lastFunction":11,"lastStatement":19,"seen":{"f:17:24:17:33":0,"s:18:33:18:53":0,"s:19:8:19:35":1,"s:20:8:20:32":2,"s:21:25:21:61":3,"s:23:8:23:56":4,"f:23:8:23:32":1,"s:23:32:23:56":5,"s:25:2:243:Infinity":6,"b:54:14:89:Infinity:91:14:112:Infinity":0,"b:58:85:58:104:58:104:58:Infinity":1,"f:66:18:66:33":2,"s:66:33:66:55":7,"f:75:18:75:33":3,"s:75:33:75:53":8,"b:118:13:118:Infinity:119:14:127:13":2,"f:120:16:120:31":4,"s:120:31:120:56":9,"f:128:14:128:29":5,"s:128:29:128:57":10,"f:128:29:128:48":6,"s:128:54:128:57":11,"b:133:16:135:17:135:16:135:Infinity":3,"b:144:9:144:Infinity:145:10:240:Infinity":4,"b:164:18:211:Infinity:213:18:236:Infinity":5,"b:180:101:180:120:180:120:180:Infinity":6,"f:187:22:187:37":7,"s:188:24:188:Infinity":12,"s:189:24:189:Infinity":13,"f:195:22:195:37":8,"s:196:24:196:Infinity":14,"s:197:24:197:Infinity":15,"f:204:24:204:39":9,"s:205:26:205:Infinity":16,"s:206:26:206:Infinity":17,"f:247:9:247:23":10,"b:251:11:251:Infinity":7,"s:258:2:268:Infinity":18,"b:263:12:263:Infinity:264:12:264:Infinity":8}}}
,"C:\\Users\\USER\\Desktop\\DESKTOP PROJECTS\\s4\\client\\src\\components\\layout\\Layout.tsx": {"path":"C:\\Users\\USER\\Desktop\\DESKTOP PROJECTS\\s4\\client\\src\\components\\layout\\Layout.tsx","statementMap":{"0":{"start":{"line":5,"column":2},"end":{"line":10,"column":null}}},"fnMap":{"0":{"name":"Layout","decl":{"start":{"line":4,"column":24},"end":{"line":4,"column":33}},"loc":{"start":{"line":4,"column":33},"end":{"line":10,"column":null}},"line":4}},"branchMap":{},"s":{"0":9},"f":{"0":9},"b":{},"meta":{"lastBranch":0,"lastFunction":1,"lastStatement":1,"seen":{"f:4:24:4:33":0,"s:5:2:10:Infinity":0}}}
,"C:\\Users\\USER\\Desktop\\DESKTOP PROJECTS\\s4\\client\\src\\components\\map\\MapSearchBox.tsx": {"path":"C:\\Users\\USER\\Desktop\\DESKTOP PROJECTS\\s4\\client\\src\\components\\map\\MapSearchBox.tsx","statementMap":{"0":{"start":{"line":5,"column":21},"end":{"line":5,"column":null}},"1":{"start":{"line":26,"column":16},"end":{"line":26,"column":40}},"2":{"start":{"line":27,"column":18},"end":{"line":27,"column":64}},"3":{"start":{"line":28,"column":17},"end":{"line":28,"column":45}},"4":{"start":{"line":29,"column":20},"end":{"line":29,"column":51}},"5":{"start":{"line":30,"column":22},"end":{"line":30,"column":52}},"6":{"start":{"line":32,"column":8},"end":{"line":32,"column":49}},"7":{"start":{"line":33,"column":8},"end":{"line":33,"column":51}},"8":{"start":{"line":34,"column":8},"end":{"line":35,"column":null}},"9":{"start":{"line":38,"column":8},"end":{"line":68,"column":8}},"10":{"start":{"line":39,"column":20},"end":{"line":39,"column":28}},"11":{"start":{"line":40,"column":4},"end":{"line":43,"column":null}},"12":{"start":{"line":41,"column":6},"end":{"line":41,"column":null}},"13":{"start":{"line":42,"column":6},"end":{"line":42,"column":null}},"14":{"start":{"line":43,"column":6},"end":{"line":43,"column":null}},"15":{"start":{"line":46,"column":4},"end":{"line":46,"column":null}},"16":{"start":{"line":47,"column":4},"end":{"line":66,"column":null}},"17":{"start":{"line":48,"column":18},"end":{"line":49,"column":null}},"18":{"start":{"line":51,"column":6},"end":{"line":51,"column":null}},"19":{"start":{"line":52,"column":6},"end":{"line":52,"column":null}},"20":{"start":{"line":53,"column":6},"end":{"line":53,"column":null}},"21":{"start":{"line":54,"column":6},"end":{"line":54,"column":null}},"22":{"start":{"line":56,"column":18},"end":{"line":56,"column":45}},"23":{"start":{"line":57,"column":6},"end":{"line":57,"column":null}},"24":{"start":{"line":57,"column":19},"end":{"line":57,"column":null}},"25":{"start":{"line":59,"column":20},"end":{"line":59,"column":36}},"26":{"start":{"line":60,"column":6},"end":{"line":60,"column":null}},"27":{"start":{"line":61,"column":6},"end":{"line":61,"column":null}},"28":{"start":{"line":62,"column":6},"end":{"line":62,"column":null}},"29":{"start":{"line":64,"column":6},"end":{"line":64,"column":null}},"30":{"start":{"line":66,"column":6},"end":{"line":66,"column":null}},"31":{"start":{"line":70,"column":8},"end":{"line":74,"column":null}},"32":{"start":{"line":71,"column":16},"end":{"line":71,"column":null}},"33":{"start":{"line":72,"column":4},"end":{"line":72,"column":null}},"34":{"start":{"line":73,"column":4},"end":{"line":73,"column":null}},"35":{"start":{"line":74,"column":4},"end":{"line":74,"column":null}},"36":{"start":{"line":74,"column":43},"end":{"line":74,"column":59}},"37":{"start":{"line":77,"column":8},"end":{"line":85,"column":null}},"38":{"start":{"line":78,"column":4},"end":{"line":78,"column":null}},"39":{"start":{"line":79,"column":4},"end":{"line":79,"column":null}},"40":{"start":{"line":80,"column":4},"end":{"line":80,"column":null}},"41":{"start":{"line":81,"column":4},"end":{"line":85,"column":null}},"42":{"start":{"line":88,"column":8},"end":{"line":92,"column":null}},"43":{"start":{"line":89,"column":4},"end":{"line":89,"column":null}},"44":{"start":{"line":90,"column":4},"end":{"line":90,"column":null}},"45":{"start":{"line":91,"column":4},"end":{"line":91,"column":null}},"46":{"start":{"line":92,"column":4},"end":{"line":92,"column":null}},"47":{"start":{"line":95,"column":8},"end":{"line":108,"column":null}},"48":{"start":{"line":96,"column":4},"end":{"line":96,"column":null}},"49":{"start":{"line":96,"column":41},"end":{"line":96,"column":null}},"50":{"start":{"line":97,"column":4},"end":{"line":108,"column":null}},"51":{"start":{"line":98,"column":6},"end":{"line":98,"column":null}},"52":{"start":{"line":99,"column":6},"end":{"line":99,"column":null}},"53":{"start":{"line":99,"column":28},"end":{"line":99,"column":63}},"54":{"start":{"line":100,"column":15},"end":{"line":108,"column":null}},"55":{"start":{"line":101,"column":6},"end":{"line":101,"column":null}},"56":{"start":{"line":102,"column":6},"end":{"line":102,"column":null}},"57":{"start":{"line":102,"column":28},"end":{"line":102,"column":47}},"58":{"start":{"line":103,"column":15},"end":{"line":108,"column":null}},"59":{"start":{"line":104,"column":6},"end":{"line":104,"column":null}},"60":{"start":{"line":105,"column":6},"end":{"line":105,"column":null}},"61":{"start":{"line":106,"column":15},"end":{"line":108,"column":null}},"62":{"start":{"line":107,"column":6},"end":{"line":107,"column":null}},"63":{"start":{"line":108,"column":6},"end":{"line":108,"column":null}},"64":{"start":{"line":113,"column":2},"end":{"line":124,"column":null}},"65":{"start":{"line":114,"column":10},"end":{"line":119,"column":null}},"66":{"start":{"line":115,"column":6},"end":{"line":119,"column":null}},"67":{"start":{"line":119,"column":8},"end":{"line":119,"column":null}},"68":{"start":{"line":122,"column":4},"end":{"line":122,"column":null}},"69":{"start":{"line":123,"column":4},"end":{"line":123,"column":null}},"70":{"start":{"line":123,"column":17},"end":{"line":123,"column":67}},"71":{"start":{"line":127,"column":2},"end":{"line":127,"column":null}},"72":{"start":{"line":127,"column":2},"end":{"line":127,"column":57}},"73":{"start":{"line":127,"column":24},"end":{"line":127,"column":57}},"74":{"start":{"line":129,"column":2},"end":{"line":214,"column":null}},"75":{"start":{"line":144,"column":25},"end":{"line":144,"column":62}},"76":{"start":{"line":180,"column":14},"end":{"line":210,"column":null}},"77":{"start":{"line":188,"column":38},"end":{"line":188,"column":56}},"78":{"start":{"line":189,"column":33},"end":{"line":189,"column":54}}},"fnMap":{"0":{"name":"MapSearchBox","decl":{"start":{"line":25,"column":24},"end":{"line":25,"column":37}},"loc":{"start":{"line":25,"column":70},"end":{"line":214,"column":null}},"line":25},"1":{"name":"(anonymous_1)","decl":{"start":{"line":38,"column":29},"end":{"line":38,"column":36}},"loc":{"start":{"line":38,"column":50},"end":{"line":68,"column":7}},"line":38},"2":{"name":"(anonymous_2)","decl":{"start":{"line":70,"column":8},"end":{"line":70,"column":29}},"loc":{"start":{"line":70,"column":72},"end":{"line":74,"column":null}},"line":70},"3":{"name":"(anonymous_3)","decl":{"start":{"line":74,"column":26},"end":{"line":74,"column":43}},"loc":{"start":{"line":74,"column":43},"end":{"line":74,"column":59}},"line":74},"4":{"name":"(anonymous_4)","decl":{"start":{"line":77,"column":8},"end":{"line":77,"column":24}},"loc":{"start":{"line":77,"column":54},"end":{"line":85,"column":null}},"line":77},"5":{"name":"(anonymous_5)","decl":{"start":{"line":88,"column":8},"end":{"line":88,"column":28}},"loc":{"start":{"line":88,"column":28},"end":{"line":92,"column":null}},"line":88},"6":{"name":"(anonymous_6)","decl":{"start":{"line":95,"column":8},"end":{"line":95,"column":25}},"loc":{"start":{"line":95,"column":52},"end":{"line":108,"column":null}},"line":95},"7":{"name":"(anonymous_7)","decl":{"start":{"line":99,"column":6},"end":{"line":99,"column":22}},"loc":{"start":{"line":99,"column":28},"end":{"line":99,"column":63}},"line":99},"8":{"name":"(anonymous_8)","decl":{"start":{"line":102,"column":6},"end":{"line":102,"column":22}},"loc":{"start":{"line":102,"column":28},"end":{"line":102,"column":47}},"line":102},"9":{"name":"(anonymous_9)","decl":{"start":{"line":113,"column":2},"end":{"line":113,"column":18}},"loc":{"start":{"line":113,"column":18},"end":{"line":124,"column":7}},"line":113},"10":{"name":"(anonymous_10)","decl":{"start":{"line":114,"column":10},"end":{"line":114,"column":21}},"loc":{"start":{"line":114,"column":39},"end":{"line":119,"column":null}},"line":114},"11":{"name":"(anonymous_11)","decl":{"start":{"line":123,"column":4},"end":{"line":123,"column":17}},"loc":{"start":{"line":123,"column":17},"end":{"line":123,"column":67}},"line":123},"12":{"name":"(anonymous_12)","decl":{"start":{"line":127,"column":2},"end":{"line":127,"column":24}},"loc":{"start":{"line":127,"column":2},"end":{"line":127,"column":57}},"line":127},"13":{"name":"(anonymous_13)","decl":{"start":{"line":144,"column":10},"end":{"line":144,"column":25}},"loc":{"start":{"line":144,"column":25},"end":{"line":144,"column":62}},"line":144},"14":{"name":"(anonymous_14)","decl":{"start":{"line":179,"column":21},"end":{"line":179,"column":26}},"loc":{"start":{"line":180,"column":14},"end":{"line":210,"column":null}},"line":180},"15":{"name":"(anonymous_15)","decl":{"start":{"line":188,"column":18},"end":{"line":188,"column":32}},"loc":{"start":{"line":188,"column":38},"end":{"line":188,"column":56}},"line":188},"16":{"name":"(anonymous_16)","decl":{"start":{"line":189,"column":18},"end":{"line":189,"column":33}},"loc":{"start":{"line":189,"column":33},"end":{"line":189,"column":54}},"line":189}},"branchMap":{"0":{"loc":{"start":{"line":40,"column":4},"end":{"line":43,"column":null}},"type":"if","locations":[{"start":{"line":40,"column":4},"end":{"line":43,"column":null}},{"start":{},"end":{}}],"line":40},"1":{"loc":{"start":{"line":57,"column":6},"end":{"line":57,"column":null}},"type":"if","locations":[{"start":{"line":57,"column":6},"end":{"line":57,"column":null}},{"start":{},"end":{}}],"line":57},"2":{"loc":{"start":{"line":60,"column":17},"end":{"line":60,"column":36}},"type":"binary-expr","locations":[{"start":{"line":60,"column":17},"end":{"line":60,"column":34}},{"start":{"line":60,"column":34},"end":{"line":60,"column":36}}],"line":60},"3":{"loc":{"start":{"line":96,"column":4},"end":{"line":96,"column":null}},"type":"if","locations":[{"start":{"line":96,"column":4},"end":{"line":96,"column":null}},{"start":{},"end":{}}],"line":96},"4":{"loc":{"start":{"line":96,"column":8},"end":{"line":96,"column":41}},"type":"binary-expr","locations":[{"start":{"line":96,"column":8},"end":{"line":96,"column":19}},{"start":{"line":96,"column":19},"end":{"line":96,"column":41}}],"line":96},"5":{"loc":{"start":{"line":97,"column":4},"end":{"line":108,"column":null}},"type":"if","locations":[{"start":{"line":97,"column":4},"end":{"line":108,"column":null}},{"start":{"line":100,"column":15},"end":{"line":108,"column":null}}],"line":97},"6":{"loc":{"start":{"line":100,"column":15},"end":{"line":108,"column":null}},"type":"if","locations":[{"start":{"line":100,"column":15},"end":{"line":108,"column":null}},{"start":{"line":103,"column":15},"end":{"line":108,"column":null}}],"line":100},"7":{"loc":{"start":{"line":103,"column":15},"end":{"line":108,"column":null}},"type":"if","locations":[{"start":{"line":103,"column":15},"end":{"line":108,"column":null}},{"start":{"line":106,"column":15},"end":{"line":108,"column":null}}],"line":103},"8":{"loc":{"start":{"line":103,"column":15},"end":{"line":103,"column":54}},"type":"binary-expr","locations":[{"start":{"line":103,"column":15},"end":{"line":103,"column":36}},{"start":{"line":103,"column":36},"end":{"line":103,"column":54}}],"line":103},"9":{"loc":{"start":{"line":106,"column":15},"end":{"line":108,"column":null}},"type":"if","locations":[{"start":{"line":106,"column":15},"end":{"line":108,"column":null}},{"start":{},"end":{}}],"line":106},"10":{"loc":{"start":{"line":115,"column":6},"end":{"line":119,"column":null}},"type":"if","locations":[{"start":{"line":115,"column":6},"end":{"line":119,"column":null}},{"start":{},"end":{}}],"line":115},"11":{"loc":{"start":{"line":116,"column":8},"end":{"line":117,"column":56}},"type":"binary-expr","locations":[{"start":{"line":116,"column":8},"end":{"line":116,"column":null}},{"start":{"line":117,"column":8},"end":{"line":117,"column":56}}],"line":116},"12":{"loc":{"start":{"line":133,"column":9},"end":{"line":136,"column":null}},"type":"cond-expr","locations":[{"start":{"line":134,"column":10},"end":{"line":136,"column":11}},{"start":{"line":136,"column":10},"end":{"line":136,"column":null}}],"line":133},"13":{"loc":{"start":{"line":144,"column":25},"end":{"line":144,"column":62}},"type":"binary-expr","locations":[{"start":{"line":144,"column":25},"end":{"line":144,"column":47}},{"start":{"line":144,"column":47},"end":{"line":144,"column":62}}],"line":144},"14":{"loc":{"start":{"line":151,"column":11},"end":{"line":165,"column":null}},"type":"binary-expr","locations":[{"start":{"line":151,"column":11},"end":{"line":151,"column":null}},{"start":{"line":152,"column":12},"end":{"line":165,"column":null}}],"line":151},"15":{"loc":{"start":{"line":170,"column":9},"end":{"line":214,"column":null}},"type":"binary-expr","locations":[{"start":{"line":170,"column":9},"end":{"line":170,"column":19}},{"start":{"line":170,"column":19},"end":{"line":170,"column":null}},{"start":{"line":171,"column":10},"end":{"line":214,"column":null}}],"line":170},"16":{"loc":{"start":{"line":191,"column":20},"end":{"line":193,"column":null}},"type":"cond-expr","locations":[{"start":{"line":192,"column":24},"end":{"line":192,"column":null}},{"start":{"line":193,"column":24},"end":{"line":193,"column":null}}],"line":191},"17":{"loc":{"start":{"line":198,"column":22},"end":{"line":198,"column":null}},"type":"cond-expr","locations":[{"start":{"line":198,"column":44},"end":{"line":198,"column":65}},{"start":{"line":198,"column":65},"end":{"line":198,"column":null}}],"line":198}},"s":{"0":1,"1":69,"2":69,"3":69,"4":69,"5":69,"6":69,"7":69,"8":69,"9":69,"10":9,"11":9,"12":1,"13":1,"14":1,"15":8,"16":8,"17":8,"18":8,"19":8,"20":8,"21":8,"22":8,"23":8,"24":1,"25":7,"26":7,"27":9,"28":9,"29":1,"30":8,"31":69,"32":41,"33":41,"34":41,"35":41,"36":9,"37":69,"38":3,"39":3,"40":3,"41":3,"42":69,"43":1,"44":1,"45":1,"46":1,"47":69,"48":48,"49":41,"50":7,"51":3,"52":3,"53":3,"54":4,"55":1,"56":1,"57":1,"58":3,"59":2,"60":2,"61":1,"62":1,"63":1,"64":69,"65":10,"66":12,"67":1,"68":10,"69":10,"70":10,"71":69,"72":10,"73":10,"74":69,"75":10,"76":22,"77":1,"78":1},"f":{"0":69,"1":9,"2":41,"3":9,"4":3,"5":1,"6":48,"7":3,"8":1,"9":10,"10":12,"11":10,"12":20,"13":10,"14":22,"15":1,"16":1},"b":{"0":[1,8],"1":[1,7],"2":[7,0],"3":[41,7],"4":[48,7],"5":[3,4],"6":[1,3],"7":[2,1],"8":[3,2],"9":[1,0],"10":[1,11],"11":[12,12],"12":[0,69],"13":[10,1],"14":[69,58],"15":[69,12,11],"16":[4,18],"17":[4,18]},"meta":{"lastBranch":18,"lastFunction":17,"lastStatement":79,"seen":{"s:5:21:5:Infinity":0,"f:25:24:25:37":0,"s:26:16:26:40":1,"s:27:18:27:64":2,"s:28:17:28:45":3,"s:29:20:29:51":4,"s:30:22:30:52":5,"s:32:8:32:49":6,"s:33:8:33:51":7,"s:34:8:35:Infinity":8,"s:38:8:68:8":9,"f:38:29:38:36":1,"s:39:20:39:28":10,"b:40:4:43:Infinity:undefined:undefined:undefined:undefined":0,"s:40:4:43:Infinity":11,"s:41:6:41:Infinity":12,"s:42:6:42:Infinity":13,"s:43:6:43:Infinity":14,"s:46:4:46:Infinity":15,"s:47:4:66:Infinity":16,"s:48:18:49:Infinity":17,"s:51:6:51:Infinity":18,"s:52:6:52:Infinity":19,"s:53:6:53:Infinity":20,"s:54:6:54:Infinity":21,"s:56:18:56:45":22,"b:57:6:57:Infinity:undefined:undefined:undefined:undefined":1,"s:57:6:57:Infinity":23,"s:57:19:57:Infinity":24,"s:59:20:59:36":25,"s:60:6:60:Infinity":26,"b:60:17:60:34:60:34:60:36":2,"s:61:6:61:Infinity":27,"s:62:6:62:Infinity":28,"s:64:6:64:Infinity":29,"s:66:6:66:Infinity":30,"s:70:8:74:Infinity":31,"f:70:8:70:29":2,"s:71:16:71:Infinity":32,"s:72:4:72:Infinity":33,"s:73:4:73:Infinity":34,"s:74:4:74:Infinity":35,"f:74:26:74:43":3,"s:74:43:74:59":36,"s:77:8:85:Infinity":37,"f:77:8:77:24":4,"s:78:4:78:Infinity":38,"s:79:4:79:Infinity":39,"s:80:4:80:Infinity":40,"s:81:4:85:Infinity":41,"s:88:8:92:Infinity":42,"f:88:8:88:28":5,"s:89:4:89:Infinity":43,"s:90:4:90:Infinity":44,"s:91:4:91:Infinity":45,"s:92:4:92:Infinity":46,"s:95:8:108:Infinity":47,"f:95:8:95:25":6,"b:96:4:96:Infinity:undefined:undefined:undefined:undefined":3,"s:96:4:96:Infinity":48,"b:96:8:96:19:96:19:96:41":4,"s:96:41:96:Infinity":49,"b:97:4:108:Infinity:100:15:108:Infinity":5,"s:97:4:108:Infinity":50,"s:98:6:98:Infinity":51,"s:99:6:99:Infinity":52,"f:99:6:99:22":7,"s:99:28:99:63":53,"b:100:15:108:Infinity:103:15:108:Infinity":6,"s:100:15:108:Infinity":54,"s:101:6:101:Infinity":55,"s:102:6:102:Infinity":56,"f:102:6:102:22":8,"s:102:28:102:47":57,"b:103:15:108:Infinity:106:15:108:Infinity":7,"s:103:15:108:Infinity":58,"b:103:15:103:36:103:36:103:54":8,"s:104:6:104:Infinity":59,"s:105:6:105:Infinity":60,"b:106:15:108:Infinity:undefined:undefined:undefined:undefined":9,"s:106:15:108:Infinity":61,"s:107:6:107:Infinity":62,"s:108:6:108:Infinity":63,"s:113:2:124:Infinity":64,"f:113:2:113:18":9,"s:114:10:119:Infinity":65,"f:114:10:114:21":10,"b:115:6:119:Infinity:undefined:undefined:undefined:undefined":10,"s:115:6:119:Infinity":66,"b:116:8:116:Infinity:117:8:117:56":11,"s:119:8:119:Infinity":67,"s:122:4:122:Infinity":68,"s:123:4:123:Infinity":69,"f:123:4:123:17":11,"s:123:17:123:67":70,"s:127:2:127:Infinity":71,"f:127:2:127:24":12,"s:127:2:127:57":72,"s:127:24:127:57":73,"s:129:2:214:Infinity":74,"b:134:10:136:11:136:10:136:Infinity":12,"f:144:10:144:25":13,"s:144:25:144:62":75,"b:144:25:144:47:144:47:144:62":13,"b:151:11:151:Infinity:152:12:165:Infinity":14,"b:170:9:170:19:170:19:170:Infinity:171:10:214:Infinity":15,"f:179:21:179:26":14,"s:180:14:210:Infinity":76,"f:188:18:188:32":15,"s:188:38:188:56":77,"f:189:18:189:33":16,"s:189:33:189:54":78,"b:192:24:192:Infinity:193:24:193:Infinity":16,"b:198:44:198:65:198:65:198:Infinity":17}}}
,"C:\\Users\\USER\\Desktop\\DESKTOP PROJECTS\\s4\\client\\src\\components\\reports\\ReportDetailModal.tsx": {"path":"C:\\Users\\USER\\Desktop\\DESKTOP PROJECTS\\s4\\client\\src\\components\\reports\\ReportDetailModal.tsx","statementMap":{"0":{"start":{"line":23,"column":2},"end":{"line":23,"column":null}},"1":{"start":{"line":23,"column":12},"end":{"line":23,"column":null}},"2":{"start":{"line":25,"column":2},"end":{"line":53,"column":null}},"3":{"start":{"line":26,"column":23},"end":{"line":26,"column":null}},"4":{"start":{"line":33,"column":4},"end":{"line":38,"column":null}},"5":{"start":{"line":34,"column":6},"end":{"line":36,"column":null}},"6":{"start":{"line":35,"column":29},"end":{"line":35,"column":41}},"7":{"start":{"line":36,"column":8},"end":{"line":36,"column":null}},"8":{"start":{"line":38,"column":6},"end":{"line":38,"column":null}},"9":{"start":{"line":42,"column":4},"end":{"line":43,"column":null}},"10":{"start":{"line":43,"column":6},"end":{"line":43,"column":null}},"11":{"start":{"line":46,"column":4},"end":{"line":48,"column":null}},"12":{"start":{"line":47,"column":24},"end":{"line":47,"column":null}},"13":{"start":{"line":48,"column":6},"end":{"line":48,"column":null}},"14":{"start":{"line":51,"column":4},"end":{"line":51,"column":null}},"15":{"start":{"line":53,"column":4},"end":{"line":53,"column":null}},"16":{"start":{"line":58,"column":8},"end":{"line":58,"column":35}},"17":{"start":{"line":59,"column":10},"end":{"line":59,"column":64}},"18":{"start":{"line":59,"column":55},"end":{"line":59,"column":64}},"19":{"start":{"line":60,"column":8},"end":{"line":60,"column":70}},"20":{"start":{"line":60,"column":50},"end":{"line":60,"column":70}},"21":{"start":{"line":61,"column":36},"end":{"line":61,"column":77}},"22":{"start":{"line":62,"column":20},"end":{"line":62,"column":51}},"23":{"start":{"line":63,"column":8},"end":{"line":63,"column":56}},"24":{"start":{"line":64,"column":24},"end":{"line":64,"column":55}},"25":{"start":{"line":65,"column":24},"end":{"line":65,"column":55}},"26":{"start":{"line":66,"column":24},"end":{"line":66,"column":73}},"27":{"start":{"line":67,"column":25},"end":{"line":67,"column":57}},"28":{"start":{"line":68,"column":31},"end":{"line":69,"column":null}},"29":{"start":{"line":72,"column":2},"end":{"line":127,"column":null}},"30":{"start":{"line":73,"column":4},"end":{"line":78,"column":null}},"31":{"start":{"line":74,"column":6},"end":{"line":76,"column":null}},"32":{"start":{"line":75,"column":8},"end":{"line":75,"column":null}},"33":{"start":{"line":76,"column":8},"end":{"line":76,"column":null}},"34":{"start":{"line":78,"column":6},"end":{"line":78,"column":null}},"35":{"start":{"line":81,"column":18},"end":{"line":81,"column":49}},"36":{"start":{"line":82,"column":4},"end":{"line":82,"column":null}},"37":{"start":{"line":84,"column":10},"end":{"line":91,"column":null}},"38":{"start":{"line":85,"column":6},"end":{"line":85,"column":null}},"39":{"start":{"line":86,"column":6},"end":{"line":86,"column":null}},"40":{"start":{"line":87,"column":6},"end":{"line":87,"column":null}},"41":{"start":{"line":88,"column":6},"end":{"line":91,"column":null}},"42":{"start":{"line":89,"column":8},"end":{"line":89,"column":null}},"43":{"start":{"line":91,"column":8},"end":{"line":91,"column":null}},"44":{"start":{"line":94,"column":10},"end":{"line":96,"column":null}},"45":{"start":{"line":95,"column":6},"end":{"line":96,"column":null}},"46":{"start":{"line":96,"column":8},"end":{"line":96,"column":null}},"47":{"start":{"line":99,"column":10},"end":{"line":101,"column":null}},"48":{"start":{"line":100,"column":6},"end":{"line":100,"column":null}},"49":{"start":{"line":101,"column":6},"end":{"line":101,"column":null}},"50":{"start":{"line":103,"column":10},"end":{"line":109,"column":null}},"51":{"start":{"line":104,"column":19},"end":{"line":104,"column":null}},"52":{"start":{"line":105,"column":6},"end":{"line":109,"column":null}},"53":{"start":{"line":112,"column":4},"end":{"line":112,"column":null}},"54":{"start":{"line":113,"column":4},"end":{"line":113,"column":null}},"55":{"start":{"line":114,"column":4},"end":{"line":114,"column":null}},"56":{"start":{"line":115,"column":4},"end":{"line":115,"column":null}},"57":{"start":{"line":117,"column":4},"end":{"line":124,"column":null}},"58":{"start":{"line":118,"column":6},"end":{"line":118,"column":null}},"59":{"start":{"line":119,"column":6},"end":{"line":119,"column":null}},"60":{"start":{"line":120,"column":6},"end":{"line":120,"column":null}},"61":{"start":{"line":121,"column":6},"end":{"line":121,"column":null}},"62":{"start":{"line":122,"column":6},"end":{"line":122,"column":null}},"63":{"start":{"line":123,"column":6},"end":{"line":124,"column":null}},"64":{"start":{"line":124,"column":8},"end":{"line":124,"column":null}},"65":{"start":{"line":129,"column":2},"end":{"line":129,"column":null}},"66":{"start":{"line":129,"column":23},"end":{"line":129,"column":null}},"67":{"start":{"line":131,"column":19},"end":{"line":132,"column":null}},"68":{"start":{"line":132,"column":11},"end":{"line":132,"column":null}},"69":{"start":{"line":134,"column":19},"end":{"line":135,"column":null}},"70":{"start":{"line":135,"column":11},"end":{"line":135,"column":null}},"71":{"start":{"line":137,"column":17},"end":{"line":137,"column":77}},"72":{"start":{"line":137,"column":52},"end":{"line":137,"column":77}},"73":{"start":{"line":138,"column":17},"end":{"line":138,"column":77}},"74":{"start":{"line":138,"column":52},"end":{"line":138,"column":77}},"75":{"start":{"line":139,"column":20},"end":{"line":140,"column":null}},"76":{"start":{"line":143,"column":25},"end":{"line":169,"column":null}},"77":{"start":{"line":144,"column":18},"end":{"line":144,"column":null}},"78":{"start":{"line":145,"column":4},"end":{"line":145,"column":null}},"79":{"start":{"line":145,"column":16},"end":{"line":145,"column":null}},"80":{"start":{"line":147,"column":4},"end":{"line":150,"column":null}},"81":{"start":{"line":148,"column":6},"end":{"line":148,"column":null}},"82":{"start":{"line":149,"column":6},"end":{"line":149,"column":null}},"83":{"start":{"line":150,"column":6},"end":{"line":150,"column":null}},"84":{"start":{"line":153,"column":4},"end":{"line":169,"column":null}},"85":{"start":{"line":154,"column":6},"end":{"line":156,"column":null}},"86":{"start":{"line":155,"column":8},"end":{"line":155,"column":null}},"87":{"start":{"line":156,"column":8},"end":{"line":156,"column":null}},"88":{"start":{"line":158,"column":6},"end":{"line":158,"column":null}},"89":{"start":{"line":159,"column":6},"end":{"line":159,"column":null}},"90":{"start":{"line":160,"column":6},"end":{"line":160,"column":null}},"91":{"start":{"line":162,"column":6},"end":{"line":162,"column":null}},"92":{"start":{"line":163,"column":19},"end":{"line":163,"column":null}},"93":{"start":{"line":165,"column":8},"end":{"line":167,"column":null}},"94":{"start":{"line":168,"column":6},"end":{"line":168,"column":null}},"95":{"start":{"line":169,"column":6},"end":{"line":169,"column":null}},"96":{"start":{"line":173,"column":8},"end":{"line":181,"column":null}},"97":{"start":{"line":174,"column":17},"end":{"line":174,"column":34}},"98":{"start":{"line":175,"column":4},"end":{"line":181,"column":null}},"99":{"start":{"line":184,"column":8},"end":{"line":186,"column":null}},"100":{"start":{"line":185,"column":20},"end":{"line":185,"column":69}},"101":{"start":{"line":186,"column":4},"end":{"line":186,"column":null}},"102":{"start":{"line":189,"column":23},"end":{"line":205,"column":null}},"103":{"start":{"line":190,"column":4},"end":{"line":190,"column":null}},"104":{"start":{"line":190,"column":34},"end":{"line":190,"column":null}},"105":{"start":{"line":192,"column":22},"end":{"line":193,"column":null}},"106":{"start":{"line":195,"column":4},"end":{"line":195,"column":null}},"107":{"start":{"line":195,"column":20},"end":{"line":195,"column":null}},"108":{"start":{"line":197,"column":4},"end":{"line":205,"column":null}},"109":{"start":{"line":198,"column":6},"end":{"line":198,"column":null}},"110":{"start":{"line":199,"column":6},"end":{"line":199,"column":null}},"111":{"start":{"line":200,"column":6},"end":{"line":200,"column":null}},"112":{"start":{"line":202,"column":20},"end":{"line":202,"column":null}},"113":{"start":{"line":203,"column":6},"end":{"line":205,"column":null}},"114":{"start":{"line":209,"column":2},"end":{"line":399,"column":null}},"115":{"start":{"line":213,"column":8},"end":{"line":215,"column":null}},"116":{"start":{"line":214,"column":10},"end":{"line":214,"column":null}},"117":{"start":{"line":215,"column":10},"end":{"line":215,"column":null}},"118":{"start":{"line":217,"column":8},"end":{"line":217,"column":null}},"119":{"start":{"line":218,"column":8},"end":{"line":218,"column":null}},"120":{"start":{"line":219,"column":8},"end":{"line":219,"column":null}},"121":{"start":{"line":220,"column":8},"end":{"line":220,"column":null}},"122":{"start":{"line":221,"column":8},"end":{"line":221,"column":null}},"123":{"start":{"line":335,"column":16},"end":{"line":350,"column":null}},"124":{"start":{"line":338,"column":33},"end":{"line":338,"column":55}},"125":{"start":{"line":353,"column":16},"end":{"line":361,"column":null}}},"fnMap":{"0":{"name":"resolveMediaUrl","decl":{"start":{"line":22,"column":9},"end":{"line":22,"column":25}},"loc":{"start":{"line":22,"column":46},"end":{"line":53,"column":null}},"line":22},"1":{"name":"ReportDetailModal","decl":{"start":{"line":57,"column":24},"end":{"line":57,"column":44}},"loc":{"start":{"line":57,"column":44},"end":{"line":399,"column":null}},"line":57},"2":{"name":"(anonymous_2)","decl":{"start":{"line":59,"column":29},"end":{"line":59,"column":45}},"loc":{"start":{"line":59,"column":55},"end":{"line":59,"column":64}},"line":59},"3":{"name":"(anonymous_3)","decl":{"start":{"line":60,"column":24},"end":{"line":60,"column":40}},"loc":{"start":{"line":60,"column":50},"end":{"line":60,"column":70}},"line":60},"4":{"name":"(anonymous_4)","decl":{"start":{"line":72,"column":2},"end":{"line":72,"column":18}},"loc":{"start":{"line":72,"column":18},"end":{"line":127,"column":6}},"line":72},"5":{"name":"(anonymous_5)","decl":{"start":{"line":84,"column":10},"end":{"line":84,"column":35}},"loc":{"start":{"line":84,"column":35},"end":{"line":91,"column":null}},"line":84},"6":{"name":"(anonymous_6)","decl":{"start":{"line":94,"column":10},"end":{"line":94,"column":31}},"loc":{"start":{"line":94,"column":31},"end":{"line":96,"column":null}},"line":94},"7":{"name":"(anonymous_7)","decl":{"start":{"line":99,"column":10},"end":{"line":99,"column":26}},"loc":{"start":{"line":99,"column":26},"end":{"line":101,"column":null}},"line":99},"8":{"name":"(anonymous_8)","decl":{"start":{"line":103,"column":10},"end":{"line":103,"column":26}},"loc":{"start":{"line":103,"column":26},"end":{"line":109,"column":null}},"line":103},"9":{"name":"(anonymous_9)","decl":{"start":{"line":117,"column":4},"end":{"line":117,"column":17}},"loc":{"start":{"line":117,"column":17},"end":{"line":124,"column":null}},"line":117},"10":{"name":"(anonymous_10)","decl":{"start":{"line":131,"column":35},"end":{"line":131,"column":null}},"loc":{"start":{"line":132,"column":11},"end":{"line":132,"column":null}},"line":132},"11":{"name":"(anonymous_11)","decl":{"start":{"line":134,"column":37},"end":{"line":134,"column":null}},"loc":{"start":{"line":135,"column":11},"end":{"line":135,"column":null}},"line":135},"12":{"name":"(anonymous_12)","decl":{"start":{"line":137,"column":38},"end":{"line":137,"column":46}},"loc":{"start":{"line":137,"column":52},"end":{"line":137,"column":77}},"line":137},"13":{"name":"(anonymous_13)","decl":{"start":{"line":138,"column":38},"end":{"line":138,"column":46}},"loc":{"start":{"line":138,"column":52},"end":{"line":138,"column":77}},"line":138},"14":{"name":"(anonymous_14)","decl":{"start":{"line":143,"column":25},"end":{"line":143,"column":37}},"loc":{"start":{"line":143,"column":37},"end":{"line":169,"column":null}},"line":143},"15":{"name":"(anonymous_15)","decl":{"start":{"line":173,"column":8},"end":{"line":173,"column":22}},"loc":{"start":{"line":173,"column":42},"end":{"line":181,"column":null}},"line":173},"16":{"name":"(anonymous_16)","decl":{"start":{"line":184,"column":8},"end":{"line":184,"column":28}},"loc":{"start":{"line":184,"column":47},"end":{"line":186,"column":null}},"line":184},"17":{"name":"(anonymous_17)","decl":{"start":{"line":189,"column":23},"end":{"line":189,"column":35}},"loc":{"start":{"line":189,"column":35},"end":{"line":205,"column":null}},"line":189},"18":{"name":"(anonymous_18)","decl":{"start":{"line":212,"column":6},"end":{"line":212,"column":21}},"loc":{"start":{"line":212,"column":21},"end":{"line":221,"column":null}},"line":212},"19":{"name":"(anonymous_19)","decl":{"start":{"line":334,"column":22},"end":{"line":334,"column":27}},"loc":{"start":{"line":335,"column":16},"end":{"line":350,"column":null}},"line":335},"20":{"name":"(anonymous_20)","decl":{"start":{"line":338,"column":18},"end":{"line":338,"column":33}},"loc":{"start":{"line":338,"column":33},"end":{"line":338,"column":55}},"line":338},"21":{"name":"(anonymous_21)","decl":{"start":{"line":352,"column":22},"end":{"line":352,"column":27}},"loc":{"start":{"line":353,"column":16},"end":{"line":361,"column":null}},"line":353}},"branchMap":{"0":{"loc":{"start":{"line":23,"column":2},"end":{"line":23,"column":null}},"type":"if","locations":[{"start":{"line":23,"column":2},"end":{"line":23,"column":null}},{"start":{},"end":{}}],"line":23},"1":{"loc":{"start":{"line":33,"column":4},"end":{"line":38,"column":null}},"type":"if","locations":[{"start":{"line":33,"column":4},"end":{"line":38,"column":null}},{"start":{},"end":{}}],"line":33},"2":{"loc":{"start":{"line":33,"column":8},"end":{"line":33,"column":55}},"type":"binary-expr","locations":[{"start":{"line":33,"column":8},"end":{"line":33,"column":22}},{"start":{"line":33,"column":22},"end":{"line":33,"column":55}}],"line":33},"3":{"loc":{"start":{"line":34,"column":6},"end":{"line":36,"column":null}},"type":"if","locations":[{"start":{"line":34,"column":6},"end":{"line":36,"column":null}},{"start":{},"end":{}}],"line":34},"4":{"loc":{"start":{"line":42,"column":4},"end":{"line":43,"column":null}},"type":"if","locations":[{"start":{"line":42,"column":4},"end":{"line":43,"column":null}},{"start":{},"end":{}}],"line":42},"5":{"loc":{"start":{"line":46,"column":4},"end":{"line":48,"column":null}},"type":"if","locations":[{"start":{"line":46,"column":4},"end":{"line":48,"column":null}},{"start":{},"end":{}}],"line":46},"6":{"loc":{"start":{"line":69,"column":4},"end":{"line":69,"column":null}},"type":"binary-expr","locations":[{"start":{"line":69,"column":4},"end":{"line":69,"column":34}},{"start":{"line":69,"column":34},"end":{"line":69,"column":null}}],"line":69},"7":{"loc":{"start":{"line":73,"column":4},"end":{"line":78,"column":null}},"type":"if","locations":[{"start":{"line":73,"column":4},"end":{"line":78,"column":null}},{"start":{},"end":{}}],"line":73},"8":{"loc":{"start":{"line":74,"column":6},"end":{"line":76,"column":null}},"type":"if","locations":[{"start":{"line":74,"column":6},"end":{"line":76,"column":null}},{"start":{},"end":{}}],"line":74},"9":{"loc":{"start":{"line":88,"column":6},"end":{"line":91,"column":null}},"type":"if","locations":[{"start":{"line":88,"column":6},"end":{"line":91,"column":null}},{"start":{"line":90,"column":13},"end":{"line":91,"column":null}}],"line":88},"10":{"loc":{"start":{"line":95,"column":6},"end":{"line":96,"column":null}},"type":"if","locations":[{"start":{"line":95,"column":6},"end":{"line":96,"column":null}},{"start":{},"end":{}}],"line":95},"11":{"loc":{"start":{"line":106,"column":8},"end":{"line":108,"column":null}},"type":"cond-expr","locations":[{"start":{"line":107,"column":12},"end":{"line":107,"column":null}},{"start":{"line":108,"column":12},"end":{"line":108,"column":null}}],"line":106},"12":{"loc":{"start":{"line":123,"column":6},"end":{"line":124,"column":null}},"type":"if","locations":[{"start":{"line":123,"column":6},"end":{"line":124,"column":null}},{"start":{},"end":{}}],"line":123},"13":{"loc":{"start":{"line":129,"column":2},"end":{"line":129,"column":null}},"type":"if","locations":[{"start":{"line":129,"column":2},"end":{"line":129,"column":null}},{"start":{},"end":{}}],"line":129},"14":{"loc":{"start":{"line":140,"column":4},"end":{"line":140,"column":null}},"type":"binary-expr","locations":[{"start":{"line":140,"column":4},"end":{"line":140,"column":21}},{"start":{"line":140,"column":21},"end":{"line":140,"column":null}}],"line":140},"15":{"loc":{"start":{"line":145,"column":4},"end":{"line":145,"column":null}},"type":"if","locations":[{"start":{"line":145,"column":4},"end":{"line":145,"column":null}},{"start":{},"end":{}}],"line":145},"16":{"loc":{"start":{"line":147,"column":4},"end":{"line":150,"column":null}},"type":"if","locations":[{"start":{"line":147,"column":4},"end":{"line":150,"column":null}},{"start":{},"end":{}}],"line":147},"17":{"loc":{"start":{"line":154,"column":6},"end":{"line":156,"column":null}},"type":"if","locations":[{"start":{"line":154,"column":6},"end":{"line":156,"column":null}},{"start":{},"end":{}}],"line":154},"18":{"loc":{"start":{"line":154,"column":10},"end":{"line":154,"column":62}},"type":"binary-expr","locations":[{"start":{"line":154,"column":10},"end":{"line":154,"column":25}},{"start":{"line":154,"column":25},"end":{"line":154,"column":62}}],"line":154},"19":{"loc":{"start":{"line":165,"column":8},"end":{"line":167,"column":null}},"type":"cond-expr","locations":[{"start":{"line":166,"column":12},"end":{"line":166,"column":null}},{"start":{"line":167,"column":12},"end":{"line":167,"column":null}}],"line":165},"20":{"loc":{"start":{"line":185,"column":20},"end":{"line":185,"column":69}},"type":"cond-expr","locations":[{"start":{"line":185,"column":48},"end":{"line":185,"column":56}},{"start":{"line":185,"column":56},"end":{"line":185,"column":69}}],"line":185},"21":{"loc":{"start":{"line":186,"column":11},"end":{"line":186,"column":null}},"type":"cond-expr","locations":[{"start":{"line":186,"column":38},"end":{"line":186,"column":56}},{"start":{"line":186,"column":59},"end":{"line":186,"column":null}}],"line":186},"22":{"loc":{"start":{"line":190,"column":4},"end":{"line":190,"column":null}},"type":"if","locations":[{"start":{"line":190,"column":4},"end":{"line":190,"column":null}},{"start":{},"end":{}}],"line":190},"23":{"loc":{"start":{"line":190,"column":8},"end":{"line":190,"column":34}},"type":"binary-expr","locations":[{"start":{"line":190,"column":8},"end":{"line":190,"column":22}},{"start":{"line":190,"column":22},"end":{"line":190,"column":34}}],"line":190},"24":{"loc":{"start":{"line":195,"column":4},"end":{"line":195,"column":null}},"type":"if","locations":[{"start":{"line":195,"column":4},"end":{"line":195,"column":null}},{"start":{},"end":{}}],"line":195},"25":{"loc":{"start":{"line":204,"column":8},"end":{"line":204,"column":null}},"type":"binary-expr","locations":[{"start":{"line":204,"column":8},"end":{"line":204,"column":31}},{"start":{"line":204,"column":31},"end":{"line":204,"column":53}},{"start":{"line":204,"column":53},"end":{"line":204,"column":null}}],"line":204},"26":{"loc":{"start":{"line":213,"column":8},"end":{"line":215,"column":null}},"type":"if","locations":[{"start":{"line":213,"column":8},"end":{"line":215,"column":null}},{"start":{},"end":{}}],"line":213},"27":{"loc":{"start":{"line":236,"column":37},"end":{"line":236,"column":67}},"type":"binary-expr","locations":[{"start":{"line":236,"column":37},"end":{"line":236,"column":56}},{"start":{"line":236,"column":56},"end":{"line":236,"column":67}}],"line":236},"28":{"loc":{"start":{"line":245,"column":11},"end":{"line":253,"column":null}},"type":"binary-expr","locations":[{"start":{"line":245,"column":11},"end":{"line":245,"column":null}},{"start":{"line":246,"column":12},"end":{"line":253,"column":null}}],"line":245},"29":{"loc":{"start":{"line":253,"column":15},"end":{"line":253,"column":null}},"type":"cond-expr","locations":[{"start":{"line":253,"column":28},"end":{"line":253,"column":44}},{"start":{"line":253,"column":44},"end":{"line":253,"column":null}}],"line":253},"30":{"loc":{"start":{"line":259,"column":9},"end":{"line":295,"column":null}},"type":"binary-expr","locations":[{"start":{"line":259,"column":9},"end":{"line":259,"column":null}},{"start":{"line":260,"column":10},"end":{"line":295,"column":null}}],"line":259},"31":{"loc":{"start":{"line":270,"column":15},"end":{"line":273,"column":null}},"type":"cond-expr","locations":[{"start":{"line":271,"column":16},"end":{"line":273,"column":17}},{"start":{"line":273,"column":16},"end":{"line":273,"column":null}}],"line":270},"32":{"loc":{"start":{"line":289,"column":15},"end":{"line":291,"column":null}},"type":"binary-expr","locations":[{"start":{"line":289,"column":15},"end":{"line":289,"column":null}},{"start":{"line":290,"column":16},"end":{"line":291,"column":null}}],"line":289},"33":{"loc":{"start":{"line":294,"column":15},"end":{"line":295,"column":null}},"type":"binary-expr","locations":[{"start":{"line":294,"column":15},"end":{"line":294,"column":null}},{"start":{"line":295,"column":16},"end":{"line":295,"column":null}}],"line":294},"34":{"loc":{"start":{"line":302,"column":9},"end":{"line":310,"column":null}},"type":"binary-expr","locations":[{"start":{"line":302,"column":9},"end":{"line":302,"column":null}},{"start":{"line":303,"column":10},"end":{"line":310,"column":null}}],"line":302},"35":{"loc":{"start":{"line":314,"column":10},"end":{"line":364,"column":null}},"type":"binary-expr","locations":[{"start":{"line":314,"column":10},"end":{"line":314,"column":31}},{"start":{"line":314,"column":31},"end":{"line":314,"column":null}},{"start":{"line":315,"column":10},"end":{"line":364,"column":null}}],"line":314},"36":{"loc":{"start":{"line":322,"column":13},"end":{"line":329,"column":null}},"type":"binary-expr","locations":[{"start":{"line":322,"column":13},"end":{"line":322,"column":null}},{"start":{"line":323,"column":14},"end":{"line":329,"column":null}}],"line":322},"37":{"loc":{"start":{"line":325,"column":23},"end":{"line":325,"column":null}},"type":"binary-expr","locations":[{"start":{"line":325,"column":23},"end":{"line":325,"column":55}},{"start":{"line":325,"column":55},"end":{"line":325,"column":null}}],"line":325},"38":{"loc":{"start":{"line":340,"column":20},"end":{"line":342,"column":null}},"type":"cond-expr","locations":[{"start":{"line":341,"column":24},"end":{"line":341,"column":null}},{"start":{"line":342,"column":24},"end":{"line":342,"column":null}}],"line":340},"39":{"loc":{"start":{"line":374,"column":17},"end":{"line":374,"column":null}},"type":"binary-expr","locations":[{"start":{"line":374,"column":17},"end":{"line":374,"column":45}},{"start":{"line":374,"column":45},"end":{"line":374,"column":null}}],"line":374}},"s":{"0":52,"1":4,"2":48,"3":48,"4":52,"5":48,"6":0,"7":0,"8":48,"9":0,"10":0,"11":0,"12":0,"13":0,"14":0,"15":0,"16":45,"17":45,"18":84,"19":45,"20":84,"21":45,"22":45,"23":45,"24":45,"25":45,"26":45,"27":45,"28":45,"29":45,"30":33,"31":4,"32":0,"33":0,"34":4,"35":29,"36":29,"37":29,"38":2,"39":2,"40":2,"41":2,"42":1,"43":1,"44":29,"45":1,"46":1,"47":29,"48":1,"49":1,"50":29,"51":2,"52":2,"53":29,"54":29,"55":29,"56":29,"57":29,"58":29,"59":29,"60":29,"61":29,"62":29,"63":29,"64":28,"65":45,"66":3,"67":42,"68":126,"69":42,"70":42,"71":42,"72":7,"73":42,"74":7,"75":42,"76":45,"77":5,"78":5,"79":0,"80":5,"81":1,"82":1,"83":1,"84":4,"85":4,"86":1,"87":1,"88":4,"89":2,"90":2,"91":2,"92":2,"93":2,"94":2,"95":2,"96":45,"97":42,"98":42,"99":45,"100":84,"101":84,"102":45,"103":5,"104":0,"105":5,"106":5,"107":1,"108":4,"109":4,"110":1,"111":1,"112":3,"113":3,"114":45,"115":1,"116":1,"117":1,"118":1,"119":1,"120":1,"121":1,"122":1,"123":6,"124":1,"125":1},"f":{"0":52,"1":45,"2":84,"3":84,"4":33,"5":2,"6":1,"7":1,"8":2,"9":29,"10":126,"11":42,"12":7,"13":7,"14":5,"15":42,"16":84,"17":5,"18":1,"19":6,"20":1,"21":1},"b":{"0":[4,48],"1":[48,4],"2":[52,48],"3":[0,48],"4":[0,0],"5":[0,0],"6":[45,3],"7":[4,29],"8":[0,4],"9":[1,1],"10":[1,0],"11":[1,1],"12":[28,1],"13":[3,42],"14":[42,7],"15":[0,5],"16":[1,4],"17":[1,3],"18":[4,3],"19":[1,1],"20":[82,2],"21":[82,2],"22":[0,5],"23":[5,5],"24":[1,4],"25":[3,2,1],"26":[1,0],"27":[45,0],"28":[45,6],"29":[0,6],"30":[45,41],"31":[3,38],"32":[41,1],"33":[41,4],"34":[45,41],"35":[45,39,4],"36":[4,3],"37":[3,0],"38":[3,3],"39":[45,1]},"meta":{"lastBranch":40,"lastFunction":22,"lastStatement":126,"seen":{"f:22:9:22:25":0,"b:23:2:23:Infinity:undefined:undefined:undefined:undefined":0,"s:23:2:23:Infinity":0,"s:23:12:23:Infinity":1,"s:25:2:53:Infinity":2,"s:26:23:26:Infinity":3,"b:33:4:38:Infinity:undefined:undefined:undefined:undefined":1,"s:33:4:38:Infinity":4,"b:33:8:33:22:33:22:33:55":2,"b:34:6:36:Infinity:undefined:undefined:undefined:undefined":3,"s:34:6:36:Infinity":5,"s:35:29:35:41":6,"s:36:8:36:Infinity":7,"s:38:6:38:Infinity":8,"b:42:4:43:Infinity:undefined:undefined:undefined:undefined":4,"s:42:4:43:Infinity":9,"s:43:6:43:Infinity":10,"b:46:4:48:Infinity:undefined:undefined:undefined:undefined":5,"s:46:4:48:Infinity":11,"s:47:24:47:Infinity":12,"s:48:6:48:Infinity":13,"s:51:4:51:Infinity":14,"s:53:4:53:Infinity":15,"f:57:24:57:44":1,"s:58:8:58:35":16,"s:59:10:59:64":17,"f:59:29:59:45":2,"s:59:55:59:64":18,"s:60:8:60:70":19,"f:60:24:60:40":3,"s:60:50:60:70":20,"s:61:36:61:77":21,"s:62:20:62:51":22,"s:63:8:63:56":23,"s:64:24:64:55":24,"s:65:24:65:55":25,"s:66:24:66:73":26,"s:67:25:67:57":27,"s:68:31:69:Infinity":28,"b:69:4:69:34:69:34:69:Infinity":6,"s:72:2:127:Infinity":29,"f:72:2:72:18":4,"b:73:4:78:Infinity:undefined:undefined:undefined:undefined":7,"s:73:4:78:Infinity":30,"b:74:6:76:Infinity:undefined:undefined:undefined:undefined":8,"s:74:6:76:Infinity":31,"s:75:8:75:Infinity":32,"s:76:8:76:Infinity":33,"s:78:6:78:Infinity":34,"s:81:18:81:49":35,"s:82:4:82:Infinity":36,"s:84:10:91:Infinity":37,"f:84:10:84:35":5,"s:85:6:85:Infinity":38,"s:86:6:86:Infinity":39,"s:87:6:87:Infinity":40,"b:88:6:91:Infinity:90:13:91:Infinity":9,"s:88:6:91:Infinity":41,"s:89:8:89:Infinity":42,"s:91:8:91:Infinity":43,"s:94:10:96:Infinity":44,"f:94:10:94:31":6,"b:95:6:96:Infinity:undefined:undefined:undefined:undefined":10,"s:95:6:96:Infinity":45,"s:96:8:96:Infinity":46,"s:99:10:101:Infinity":47,"f:99:10:99:26":7,"s:100:6:100:Infinity":48,"s:101:6:101:Infinity":49,"s:103:10:109:Infinity":50,"f:103:10:103:26":8,"s:104:19:104:Infinity":51,"s:105:6:109:Infinity":52,"b:107:12:107:Infinity:108:12:108:Infinity":11,"s:112:4:112:Infinity":53,"s:113:4:113:Infinity":54,"s:114:4:114:Infinity":55,"s:115:4:115:Infinity":56,"s:117:4:124:Infinity":57,"f:117:4:117:17":9,"s:118:6:118:Infinity":58,"s:119:6:119:Infinity":59,"s:120:6:120:Infinity":60,"s:121:6:121:Infinity":61,"s:122:6:122:Infinity":62,"b:123:6:124:Infinity:undefined:undefined:undefined:undefined":12,"s:123:6:124:Infinity":63,"s:124:8:124:Infinity":64,"b:129:2:129:Infinity:undefined:undefined:undefined:undefined":13,"s:129:2:129:Infinity":65,"s:129:23:129:Infinity":66,"s:131:19:132:Infinity":67,"f:131:35:131:Infinity":10,"s:132:11:132:Infinity":68,"s:134:19:135:Infinity":69,"f:134:37:134:Infinity":11,"s:135:11:135:Infinity":70,"s:137:17:137:77":71,"f:137:38:137:46":12,"s:137:52:137:77":72,"s:138:17:138:77":73,"f:138:38:138:46":13,"s:138:52:138:77":74,"s:139:20:140:Infinity":75,"b:140:4:140:21:140:21:140:Infinity":14,"s:143:25:169:Infinity":76,"f:143:25:143:37":14,"s:144:18:144:Infinity":77,"b:145:4:145:Infinity:undefined:undefined:undefined:undefined":15,"s:145:4:145:Infinity":78,"s:145:16:145:Infinity":79,"b:147:4:150:Infinity:undefined:undefined:undefined:undefined":16,"s:147:4:150:Infinity":80,"s:148:6:148:Infinity":81,"s:149:6:149:Infinity":82,"s:150:6:150:Infinity":83,"s:153:4:169:Infinity":84,"b:154:6:156:Infinity:undefined:undefined:undefined:undefined":17,"s:154:6:156:Infinity":85,"b:154:10:154:25:154:25:154:62":18,"s:155:8:155:Infinity":86,"s:156:8:156:Infinity":87,"s:158:6:158:Infinity":88,"s:159:6:159:Infinity":89,"s:160:6:160:Infinity":90,"s:162:6:162:Infinity":91,"s:163:19:163:Infinity":92,"s:165:8:167:Infinity":93,"b:166:12:166:Infinity:167:12:167:Infinity":19,"s:168:6:168:Infinity":94,"s:169:6:169:Infinity":95,"s:173:8:181:Infinity":96,"f:173:8:173:22":15,"s:174:17:174:34":97,"s:175:4:181:Infinity":98,"s:184:8:186:Infinity":99,"f:184:8:184:28":16,"s:185:20:185:69":100,"b:185:48:185:56:185:56:185:69":20,"s:186:4:186:Infinity":101,"b:186:38:186:56:186:59:186:Infinity":21,"s:189:23:205:Infinity":102,"f:189:23:189:35":17,"b:190:4:190:Infinity:undefined:undefined:undefined:undefined":22,"s:190:4:190:Infinity":103,"b:190:8:190:22:190:22:190:34":23,"s:190:34:190:Infinity":104,"s:192:22:193:Infinity":105,"b:195:4:195:Infinity:undefined:undefined:undefined:undefined":24,"s:195:4:195:Infinity":106,"s:195:20:195:Infinity":107,"s:197:4:205:Infinity":108,"s:198:6:198:Infinity":109,"s:199:6:199:Infinity":110,"s:200:6:200:Infinity":111,"s:202:20:202:Infinity":112,"s:203:6:205:Infinity":113,"b:204:8:204:31:204:31:204:53:204:53:204:Infinity":25,"s:209:2:399:Infinity":114,"f:212:6:212:21":18,"b:213:8:215:Infinity:undefined:undefined:undefined:undefined":26,"s:213:8:215:Infinity":115,"s:214:10:214:Infinity":116,"s:215:10:215:Infinity":117,"s:217:8:217:Infinity":118,"s:218:8:218:Infinity":119,"s:219:8:219:Infinity":120,"s:220:8:220:Infinity":121,"s:221:8:221:Infinity":122,"b:236:37:236:56:236:56:236:67":27,"b:245:11:245:Infinity:246:12:253:Infinity":28,"b:253:28:253:44:253:44:253:Infinity":29,"b:259:9:259:Infinity:260:10:295:Infinity":30,"b:271:16:273:17:273:16:273:Infinity":31,"b:289:15:289:Infinity:290:16:291:Infinity":32,"b:294:15:294:Infinity:295:16:295:Infinity":33,"b:302:9:302:Infinity:303:10:310:Infinity":34,"b:314:10:314:31:314:31:314:Infinity:315:10:364:Infinity":35,"b:322:13:322:Infinity:323:14:329:Infinity":36,"b:325:23:325:55:325:55:325:Infinity":37,"f:334:22:334:27":19,"s:335:16:350:Infinity":123,"f:338:18:338:33":20,"s:338:33:338:55":124,"b:341:24:341:Infinity:342:24:342:Infinity":38,"f:352:22:352:27":21,"s:353:16:361:Infinity":125,"b:374:17:374:45:374:45:374:Infinity":39}}}
,"C:\\Users\\USER\\Desktop\\DESKTOP PROJECTS\\s4\\client\\src\\components\\reports\\ReportSidebar.tsx": {"path":"C:\\Users\\USER\\Desktop\\DESKTOP PROJECTS\\s4\\client\\src\\components\\reports\\ReportSidebar.tsx","statementMap":{"0":{"start":{"line":10,"column":8},"end":{"line":10,"column":35}},"1":{"start":{"line":11,"column":10},"end":{"line":11,"column":61}},"2":{"start":{"line":11,"column":52},"end":{"line":11,"column":61}},"3":{"start":{"line":12,"column":29},"end":{"line":12,"column":63}},"4":{"start":{"line":14,"column":18},"end":{"line":14,"column":44}},"5":{"start":{"line":16,"column":8},"end":{"line":28,"column":null}},"6":{"start":{"line":17,"column":17},"end":{"line":17,"column":34}},"7":{"start":{"line":18,"column":16},"end":{"line":18,"column":26}},"8":{"start":{"line":19,"column":19},"end":{"line":19,"column":49}},"9":{"start":{"line":20,"column":21},"end":{"line":20,"column":47}},"10":{"start":{"line":22,"column":4},"end":{"line":22,"column":null}},"11":{"start":{"line":22,"column":22},"end":{"line":22,"column":null}},"12":{"start":{"line":23,"column":4},"end":{"line":23,"column":null}},"13":{"start":{"line":23,"column":23},"end":{"line":23,"column":null}},"14":{"start":{"line":24,"column":22},"end":{"line":24,"column":47}},"15":{"start":{"line":25,"column":4},"end":{"line":25,"column":null}},"16":{"start":{"line":25,"column":24},"end":{"line":25,"column":null}},"17":{"start":{"line":26,"column":21},"end":{"line":26,"column":47}},"18":{"start":{"line":27,"column":4},"end":{"line":27,"column":null}},"19":{"start":{"line":27,"column":22},"end":{"line":27,"column":null}},"20":{"start":{"line":28,"column":4},"end":{"line":28,"column":null}},"21":{"start":{"line":31,"column":2},"end":{"line":161,"column":null}},"22":{"start":{"line":38,"column":23},"end":{"line":38,"column":48}},"23":{"start":{"line":58,"column":29},"end":{"line":58,"column":null}},"24":{"start":{"line":73,"column":33},"end":{"line":73,"column":58}},"25":{"start":{"line":99,"column":35},"end":{"line":100,"column":null}},"26":{"start":{"line":100,"column":27},"end":{"line":100,"column":null}},"27":{"start":{"line":102,"column":35},"end":{"line":103,"column":null}},"28":{"start":{"line":103,"column":27},"end":{"line":103,"column":null}},"29":{"start":{"line":106,"column":18},"end":{"line":146,"column":null}},"30":{"start":{"line":112,"column":37},"end":{"line":112,"column":71}}},"fnMap":{"0":{"name":"ReportSidebar","decl":{"start":{"line":9,"column":24},"end":{"line":9,"column":40}},"loc":{"start":{"line":9,"column":40},"end":{"line":161,"column":null}},"line":9},"1":{"name":"(anonymous_1)","decl":{"start":{"line":11,"column":26},"end":{"line":11,"column":42}},"loc":{"start":{"line":11,"column":52},"end":{"line":11,"column":61}},"line":11},"2":{"name":"(anonymous_2)","decl":{"start":{"line":16,"column":8},"end":{"line":16,"column":22}},"loc":{"start":{"line":16,"column":42},"end":{"line":28,"column":null}},"line":16},"3":{"name":"(anonymous_3)","decl":{"start":{"line":38,"column":8},"end":{"line":38,"column":23}},"loc":{"start":{"line":38,"column":23},"end":{"line":38,"column":48}},"line":38},"4":{"name":"(anonymous_4)","decl":{"start":{"line":58,"column":14},"end":{"line":58,"column":29}},"loc":{"start":{"line":58,"column":29},"end":{"line":58,"column":null}},"line":58},"5":{"name":"(anonymous_5)","decl":{"start":{"line":73,"column":18},"end":{"line":73,"column":33}},"loc":{"start":{"line":73,"column":33},"end":{"line":73,"column":58}},"line":73},"6":{"name":"(anonymous_6)","decl":{"start":{"line":98,"column":25},"end":{"line":98,"column":30}},"loc":{"start":{"line":98,"column":46},"end":{"line":146,"column":null}},"line":98},"7":{"name":"(anonymous_7)","decl":{"start":{"line":99,"column":51},"end":{"line":99,"column":null}},"loc":{"start":{"line":100,"column":27},"end":{"line":100,"column":null}},"line":100},"8":{"name":"(anonymous_8)","decl":{"start":{"line":102,"column":53},"end":{"line":102,"column":null}},"loc":{"start":{"line":103,"column":27},"end":{"line":103,"column":null}},"line":103},"9":{"name":"(anonymous_9)","decl":{"start":{"line":112,"column":22},"end":{"line":112,"column":37}},"loc":{"start":{"line":112,"column":37},"end":{"line":112,"column":71}},"line":112}},"branchMap":{"0":{"loc":{"start":{"line":14,"column":18},"end":{"line":14,"column":44}},"type":"binary-expr","locations":[{"start":{"line":14,"column":18},"end":{"line":14,"column":42}},{"start":{"line":14,"column":42},"end":{"line":14,"column":44}}],"line":14},"1":{"loc":{"start":{"line":22,"column":4},"end":{"line":22,"column":null}},"type":"if","locations":[{"start":{"line":22,"column":4},"end":{"line":22,"column":null}},{"start":{},"end":{}}],"line":22},"2":{"loc":{"start":{"line":23,"column":4},"end":{"line":23,"column":null}},"type":"if","locations":[{"start":{"line":23,"column":4},"end":{"line":23,"column":null}},{"start":{},"end":{}}],"line":23},"3":{"loc":{"start":{"line":25,"column":4},"end":{"line":25,"column":null}},"type":"if","locations":[{"start":{"line":25,"column":4},"end":{"line":25,"column":null}},{"start":{},"end":{}}],"line":25},"4":{"loc":{"start":{"line":27,"column":4},"end":{"line":27,"column":null}},"type":"if","locations":[{"start":{"line":27,"column":4},"end":{"line":27,"column":null}},{"start":{},"end":{}}],"line":27},"5":{"loc":{"start":{"line":41,"column":9},"end":{"line":44,"column":null}},"type":"cond-expr","locations":[{"start":{"line":42,"column":10},"end":{"line":44,"column":11}},{"start":{"line":44,"column":10},"end":{"line":44,"column":null}}],"line":41},"6":{"loc":{"start":{"line":50,"column":9},"end":{"line":158,"column":null}},"type":"binary-expr","locations":[{"start":{"line":50,"column":9},"end":{"line":50,"column":null}},{"start":{"line":51,"column":10},"end":{"line":158,"column":null}}],"line":50},"7":{"loc":{"start":{"line":82,"column":17},"end":{"line":85,"column":null}},"type":"binary-expr","locations":[{"start":{"line":82,"column":17},"end":{"line":82,"column":null}},{"start":{"line":83,"column":18},"end":{"line":85,"column":null}}],"line":82},"8":{"loc":{"start":{"line":88,"column":17},"end":{"line":94,"column":null}},"type":"binary-expr","locations":[{"start":{"line":88,"column":17},"end":{"line":88,"column":31}},{"start":{"line":88,"column":31},"end":{"line":88,"column":null}},{"start":{"line":89,"column":18},"end":{"line":94,"column":null}}],"line":88},"9":{"loc":{"start":{"line":118,"column":47},"end":{"line":118,"column":77}},"type":"binary-expr","locations":[{"start":{"line":118,"column":47},"end":{"line":118,"column":66}},{"start":{"line":118,"column":66},"end":{"line":118,"column":77}}],"line":118},"10":{"loc":{"start":{"line":154,"column":19},"end":{"line":154,"column":43}},"type":"binary-expr","locations":[{"start":{"line":154,"column":19},"end":{"line":154,"column":41}},{"start":{"line":154,"column":41},"end":{"line":154,"column":43}}],"line":154}},"s":{"0":15,"1":15,"2":36,"3":15,"4":15,"5":15,"6":10,"7":10,"8":10,"9":10,"10":10,"11":1,"12":9,"13":9,"14":8,"15":8,"16":1,"17":7,"18":7,"19":1,"20":6,"21":15,"22":1,"23":0,"24":0,"25":10,"26":30,"27":10,"28":10,"29":10,"30":1},"f":{"0":15,"1":36,"2":10,"3":1,"4":0,"5":0,"6":10,"7":30,"8":10,"9":1},"b":{"0":[15,1],"1":[1,9],"2":[1,8],"3":[1,7],"4":[1,6],"5":[13,2],"6":[15,13],"7":[13,1],"8":[13,12,2],"9":[10,0],"10":[13,1]},"meta":{"lastBranch":11,"lastFunction":10,"lastStatement":31,"seen":{"f:9:24:9:40":0,"s:10:8:10:35":0,"s:11:10:11:61":1,"f:11:26:11:42":1,"s:11:52:11:61":2,"s:12:29:12:63":3,"s:14:18:14:44":4,"b:14:18:14:42:14:42:14:44":0,"s:16:8:28:Infinity":5,"f:16:8:16:22":2,"s:17:17:17:34":6,"s:18:16:18:26":7,"s:19:19:19:49":8,"s:20:21:20:47":9,"b:22:4:22:Infinity:undefined:undefined:undefined:undefined":1,"s:22:4:22:Infinity":10,"s:22:22:22:Infinity":11,"b:23:4:23:Infinity:undefined:undefined:undefined:undefined":2,"s:23:4:23:Infinity":12,"s:23:23:23:Infinity":13,"s:24:22:24:47":14,"b:25:4:25:Infinity:undefined:undefined:undefined:undefined":3,"s:25:4:25:Infinity":15,"s:25:24:25:Infinity":16,"s:26:21:26:47":17,"b:27:4:27:Infinity:undefined:undefined:undefined:undefined":4,"s:27:4:27:Infinity":18,"s:27:22:27:Infinity":19,"s:28:4:28:Infinity":20,"s:31:2:161:Infinity":21,"f:38:8:38:23":3,"s:38:23:38:48":22,"b:42:10:44:11:44:10:44:Infinity":5,"b:50:9:50:Infinity:51:10:158:Infinity":6,"f:58:14:58:29":4,"s:58:29:58:Infinity":23,"f:73:18:73:33":5,"s:73:33:73:58":24,"b:82:17:82:Infinity:83:18:85:Infinity":7,"b:88:17:88:31:88:31:88:Infinity:89:18:94:Infinity":8,"f:98:25:98:30":6,"s:99:35:100:Infinity":25,"f:99:51:99:Infinity":7,"s:100:27:100:Infinity":26,"s:102:35:103:Infinity":27,"f:102:53:102:Infinity":8,"s:103:27:103:Infinity":28,"s:106:18:146:Infinity":29,"f:112:22:112:37":9,"s:112:37:112:71":30,"b:118:47:118:66:118:66:118:77":9,"b:154:19:154:41:154:41:154:43":10}}}
,"C:\\Users\\USER\\Desktop\\DESKTOP PROJECTS\\s4\\client\\src\\components\\reports\\VoiceUploadModal.tsx": {"path":"C:\\Users\\USER\\Desktop\\DESKTOP PROJECTS\\s4\\client\\src\\components\\reports\\VoiceUploadModal.tsx","statementMap":{"0":{"start":{"line":29,"column":19},"end":{"line":29,"column":null}},"1":{"start":{"line":31,"column":2},"end":{"line":31,"column":null}},"2":{"start":{"line":31,"column":39},"end":{"line":31,"column":null}},"3":{"start":{"line":33,"column":19},"end":{"line":33,"column":null}},"4":{"start":{"line":37,"column":18},"end":{"line":37,"column":null}},"5":{"start":{"line":38,"column":2},"end":{"line":38,"column":null}},"6":{"start":{"line":38,"column":47},"end":{"line":38,"column":null}},"7":{"start":{"line":40,"column":2},"end":{"line":40,"column":null}},"8":{"start":{"line":40,"column":41},"end":{"line":40,"column":null}},"9":{"start":{"line":41,"column":2},"end":{"line":41,"column":null}},"10":{"start":{"line":41,"column":42},"end":{"line":41,"column":null}},"11":{"start":{"line":43,"column":18},"end":{"line":43,"column":41}},"12":{"start":{"line":44,"column":16},"end":{"line":47,"column":null}},"13":{"start":{"line":45,"column":4},"end":{"line":45,"column":null}},"14":{"start":{"line":45,"column":35},"end":{"line":45,"column":null}},"15":{"start":{"line":46,"column":4},"end":{"line":46,"column":null}},"16":{"start":{"line":49,"column":2},"end":{"line":49,"column":null}},"17":{"start":{"line":49,"column":14},"end":{"line":49,"column":null}},"18":{"start":{"line":51,"column":25},"end":{"line":51,"column":null}},"19":{"start":{"line":52,"column":2},"end":{"line":52,"column":null}},"20":{"start":{"line":52,"column":33},"end":{"line":52,"column":null}},"21":{"start":{"line":54,"column":2},"end":{"line":56,"column":null}},"22":{"start":{"line":55,"column":22},"end":{"line":55,"column":null}},"23":{"start":{"line":56,"column":4},"end":{"line":56,"column":null}},"24":{"start":{"line":56,"column":39},"end":{"line":56,"column":null}},"25":{"start":{"line":59,"column":2},"end":{"line":59,"column":null}},"26":{"start":{"line":63,"column":8},"end":{"line":63,"column":35}},"27":{"start":{"line":64,"column":10},"end":{"line":64,"column":66}},"28":{"start":{"line":64,"column":57},"end":{"line":64,"column":66}},"29":{"start":{"line":65,"column":25},"end":{"line":65,"column":65}},"30":{"start":{"line":68,"column":22},"end":{"line":68,"column":55}},"31":{"start":{"line":69,"column":20},"end":{"line":69,"column":63}},"32":{"start":{"line":70,"column":24},"end":{"line":70,"column":55}},"33":{"start":{"line":71,"column":20},"end":{"line":71,"column":51}},"34":{"start":{"line":72,"column":27},"end":{"line":72,"column":61}},"35":{"start":{"line":73,"column":27},"end":{"line":73,"column":61}},"36":{"start":{"line":74,"column":8},"end":{"line":74,"column":61}},"37":{"start":{"line":75,"column":8},"end":{"line":75,"column":38}},"38":{"start":{"line":76,"column":8},"end":{"line":76,"column":56}},"39":{"start":{"line":77,"column":8},"end":{"line":77,"column":55}},"40":{"start":{"line":78,"column":8},"end":{"line":78,"column":70}},"41":{"start":{"line":81,"column":17},"end":{"line":81,"column":50}},"42":{"start":{"line":82,"column":17},"end":{"line":82,"column":50}},"43":{"start":{"line":89,"column":17},"end":{"line":98,"column":4}},"44":{"start":{"line":101,"column":2},"end":{"line":113,"column":null}},"45":{"start":{"line":102,"column":4},"end":{"line":110,"column":null}},"46":{"start":{"line":103,"column":6},"end":{"line":103,"column":null}},"47":{"start":{"line":103,"column":28},"end":{"line":103,"column":null}},"48":{"start":{"line":104,"column":6},"end":{"line":106,"column":null}},"49":{"start":{"line":105,"column":8},"end":{"line":105,"column":null}},"50":{"start":{"line":106,"column":8},"end":{"line":106,"column":null}},"51":{"start":{"line":108,"column":6},"end":{"line":110,"column":null}},"52":{"start":{"line":109,"column":8},"end":{"line":109,"column":null}},"53":{"start":{"line":110,"column":8},"end":{"line":110,"column":null}},"54":{"start":{"line":115,"column":2},"end":{"line":119,"column":null}},"55":{"start":{"line":116,"column":4},"end":{"line":116,"column":null}},"56":{"start":{"line":116,"column":27},"end":{"line":116,"column":null}},"57":{"start":{"line":117,"column":4},"end":{"line":117,"column":null}},"58":{"start":{"line":118,"column":4},"end":{"line":118,"column":null}},"59":{"start":{"line":121,"column":2},"end":{"line":174,"column":null}},"60":{"start":{"line":122,"column":4},"end":{"line":124,"column":null}},"61":{"start":{"line":123,"column":6},"end":{"line":123,"column":null}},"62":{"start":{"line":124,"column":6},"end":{"line":124,"column":null}},"63":{"start":{"line":126,"column":4},"end":{"line":128,"column":null}},"64":{"start":{"line":127,"column":6},"end":{"line":127,"column":null}},"65":{"start":{"line":128,"column":6},"end":{"line":128,"column":null}},"66":{"start":{"line":131,"column":4},"end":{"line":131,"column":null}},"67":{"start":{"line":132,"column":4},"end":{"line":132,"column":null}},"68":{"start":{"line":133,"column":4},"end":{"line":133,"column":null}},"69":{"start":{"line":135,"column":4},"end":{"line":135,"column":null}},"70":{"start":{"line":135,"column":20},"end":{"line":135,"column":null}},"71":{"start":{"line":137,"column":22},"end":{"line":137,"column":52}},"72":{"start":{"line":138,"column":4},"end":{"line":138,"column":null}},"73":{"start":{"line":139,"column":18},"end":{"line":139,"column":38}},"74":{"start":{"line":140,"column":4},"end":{"line":140,"column":null}},"75":{"start":{"line":142,"column":10},"end":{"line":144,"column":null}},"76":{"start":{"line":143,"column":6},"end":{"line":144,"column":null}},"77":{"start":{"line":144,"column":8},"end":{"line":144,"column":null}},"78":{"start":{"line":147,"column":10},"end":{"line":149,"column":null}},"79":{"start":{"line":148,"column":6},"end":{"line":149,"column":null}},"80":{"start":{"line":149,"column":8},"end":{"line":149,"column":null}},"81":{"start":{"line":152,"column":10},"end":{"line":154,"column":null}},"82":{"start":{"line":153,"column":6},"end":{"line":153,"column":null}},"83":{"start":{"line":154,"column":6},"end":{"line":154,"column":null}},"84":{"start":{"line":157,"column":4},"end":{"line":157,"column":null}},"85":{"start":{"line":158,"column":4},"end":{"line":158,"column":null}},"86":{"start":{"line":159,"column":4},"end":{"line":159,"column":null}},"87":{"start":{"line":161,"column":4},"end":{"line":171,"column":null}},"88":{"start":{"line":162,"column":6},"end":{"line":162,"column":null}},"89":{"start":{"line":163,"column":6},"end":{"line":163,"column":null}},"90":{"start":{"line":164,"column":6},"end":{"line":164,"column":null}},"91":{"start":{"line":165,"column":6},"end":{"line":165,"column":null}},"92":{"start":{"line":166,"column":6},"end":{"line":168,"column":null}},"93":{"start":{"line":167,"column":8},"end":{"line":167,"column":null}},"94":{"start":{"line":168,"column":8},"end":{"line":168,"column":null}},"95":{"start":{"line":170,"column":6},"end":{"line":171,"column":null}},"96":{"start":{"line":171,"column":8},"end":{"line":171,"column":null}},"97":{"start":{"line":177,"column":8},"end":{"line":206,"column":8}},"98":{"start":{"line":178,"column":4},"end":{"line":204,"column":null}},"99":{"start":{"line":179,"column":21},"end":{"line":179,"column":79}},"100":{"start":{"line":180,"column":28},"end":{"line":180,"column":53}},"101":{"start":{"line":181,"column":6},"end":{"line":181,"column":null}},"102":{"start":{"line":182,"column":6},"end":{"line":182,"column":null}},"103":{"start":{"line":183,"column":6},"end":{"line":183,"column":null}},"104":{"start":{"line":185,"column":6},"end":{"line":186,"column":null}},"105":{"start":{"line":186,"column":8},"end":{"line":186,"column":null}},"106":{"start":{"line":186,"column":29},"end":{"line":186,"column":null}},"107":{"start":{"line":189,"column":6},"end":{"line":192,"column":null}},"108":{"start":{"line":190,"column":21},"end":{"line":190,"column":72}},"109":{"start":{"line":191,"column":8},"end":{"line":191,"column":null}},"110":{"start":{"line":192,"column":8},"end":{"line":192,"column":null}},"111":{"start":{"line":192,"column":42},"end":{"line":192,"column":50}},"112":{"start":{"line":195,"column":6},"end":{"line":195,"column":null}},"113":{"start":{"line":196,"column":6},"end":{"line":196,"column":null}},"114":{"start":{"line":198,"column":6},"end":{"line":200,"column":null}},"115":{"start":{"line":199,"column":8},"end":{"line":199,"column":null}},"116":{"start":{"line":199,"column":35},"end":{"line":199,"column":44}},"117":{"start":{"line":202,"column":6},"end":{"line":204,"column":null}},"118":{"start":{"line":208,"column":8},"end":{"line":215,"column":8}},"119":{"start":{"line":209,"column":4},"end":{"line":209,"column":null}},"120":{"start":{"line":210,"column":4},"end":{"line":210,"column":null}},"121":{"start":{"line":211,"column":4},"end":{"line":213,"column":null}},"122":{"start":{"line":212,"column":6},"end":{"line":212,"column":null}},"123":{"start":{"line":213,"column":6},"end":{"line":213,"column":null}},"124":{"start":{"line":217,"column":8},"end":{"line":230,"column":null}},"125":{"start":{"line":218,"column":4},"end":{"line":218,"column":null}},"126":{"start":{"line":219,"column":4},"end":{"line":219,"column":null}},"127":{"start":{"line":220,"column":4},"end":{"line":220,"column":null}},"128":{"start":{"line":221,"column":4},"end":{"line":221,"column":null}},"129":{"start":{"line":222,"column":4},"end":{"line":222,"column":null}},"130":{"start":{"line":223,"column":4},"end":{"line":226,"column":null}},"131":{"start":{"line":224,"column":6},"end":{"line":224,"column":null}},"132":{"start":{"line":225,"column":6},"end":{"line":225,"column":null}},"133":{"start":{"line":226,"column":6},"end":{"line":226,"column":null}},"134":{"start":{"line":228,"column":4},"end":{"line":230,"column":null}},"135":{"start":{"line":229,"column":6},"end":{"line":229,"column":null}},"136":{"start":{"line":230,"column":6},"end":{"line":230,"column":null}},"137":{"start":{"line":234,"column":25},"end":{"line":253,"column":null}},"138":{"start":{"line":235,"column":18},"end":{"line":235,"column":null}},"139":{"start":{"line":236,"column":4},"end":{"line":236,"column":null}},"140":{"start":{"line":236,"column":16},"end":{"line":236,"column":null}},"141":{"start":{"line":238,"column":4},"end":{"line":241,"column":null}},"142":{"start":{"line":239,"column":6},"end":{"line":239,"column":null}},"143":{"start":{"line":240,"column":6},"end":{"line":240,"column":null}},"144":{"start":{"line":241,"column":6},"end":{"line":241,"column":null}},"145":{"start":{"line":244,"column":4},"end":{"line":253,"column":null}},"146":{"start":{"line":245,"column":6},"end":{"line":247,"column":null}},"147":{"start":{"line":246,"column":8},"end":{"line":246,"column":null}},"148":{"start":{"line":247,"column":8},"end":{"line":247,"column":null}},"149":{"start":{"line":249,"column":6},"end":{"line":249,"column":null}},"150":{"start":{"line":250,"column":6},"end":{"line":250,"column":null}},"151":{"start":{"line":252,"column":6},"end":{"line":252,"column":null}},"152":{"start":{"line":253,"column":6},"end":{"line":253,"column":null}},"153
[...]
,"C:\\Users\\USER\\Desktop\\DESKTOP PROJECTS\\s4\\client\\src\\store\\api\\baseQuery.ts": {"path":"C:\\Users\\USER\\Desktop\\DESKTOP PROJECTS\\s4\\client\\src\\store\\api\\baseQuery.ts","statementMap":{"0":{"start":{"line":10,"column":6},"end":{"line":20,"column":2}},"1":{"start":{"line":14,"column":19},"end":{"line":14,"column":null}},"2":{"start":{"line":15,"column":4},"end":{"line":16,"column":null}},"3":{"start":{"line":16,"column":6},"end":{"line":16,"column":null}},"4":{"start":{"line":18,"column":4},"end":{"line":18,"column":null}},"5":{"start":{"line":26,"column":4},"end":{"line":57,"column":null}},"6":{"start":{"line":27,"column":15},"end":{"line":27,"column":55}},"7":{"start":{"line":29,"column":2},"end":{"line":53,"column":null}},"8":{"start":{"line":30,"column":26},"end":{"line":30,"column":null}},"9":{"start":{"line":32,"column":4},"end":{"line":53,"column":null}},"10":{"start":{"line":33,"column":28},"end":{"line":40,"column":null}},"11":{"start":{"line":43,"column":6},"end":{"line":50,"column":null}},"12":{"start":{"line":44,"column":21},"end":{"line":44,"column":null}},"13":{"start":{"line":45,"column":8},"end":{"line":47,"column":null}},"14":{"start":{"line":48,"column":8},"end":{"line":48,"column":null}},"15":{"start":{"line":50,"column":8},"end":{"line":50,"column":null}},"16":{"start":{"line":53,"column":6},"end":{"line":53,"column":null}},"17":{"start":{"line":57,"column":2},"end":{"line":57,"column":null}}},"fnMap":{"0":{"name":"(anonymous_0)","decl":{"start":{"line":13,"column":2},"end":{"line":13,"column":19}},"loc":{"start":{"line":13,"column":45},"end":{"line":18,"column":null}},"line":13},"1":{"name":"(anonymous_1)","decl":{"start":{"line":26,"column":4},"end":{"line":26,"column":11}},"loc":{"start":{"line":26,"column":39},"end":{"line":57,"column":null}},"line":26}},"branchMap":{"0":{"loc":{"start":{"line":15,"column":4},"end":{"line":16,"column":null}},"type":"if","locations":[{"start":{"line":15,"column":4},"end":{"line":16,"column":null}},{"start":{},"end":{}}],"line":15},"1":{"loc":{"start":{"line":29,"column":2},"end":{"line":53,"column":null}},"type":"if","locations":[{"start":{"line":29,"column":2},"end":{"line":53,"column":null}},{"start":{},"end":{}}],"line":29},"2":{"loc":{"start":{"line":29,"column":6},"end":{"line":29,"column":51}},"type":"binary-expr","locations":[{"start":{"line":29,"column":6},"end":{"line":29,"column":22}},{"start":{"line":29,"column":22},"end":{"line":29,"column":51}}],"line":29},"3":{"loc":{"start":{"line":32,"column":4},"end":{"line":53,"column":null}},"type":"if","locations":[{"start":{"line":32,"column":4},"end":{"line":53,"column":null}},{"start":{"line":52,"column":11},"end":{"line":53,"column":null}}],"line":32},"4":{"loc":{"start":{"line":43,"column":6},"end":{"line":50,"column":null}},"type":"if","locations":[{"start":{"line":43,"column":6},"end":{"line":50,"column":null}},{"start":{"line":49,"column":13},"end":{"line":50,"column":null}}],"line":43}},"s":{"0":15,"1":2,"2":2,"3":1,"4":2,"5":15,"6":5,"7":5,"8":3,"9":3,"10":2,"11":2,"12":1,"13":1,"14":1,"15":1,"16":1,"17":5},"f":{"0":2,"1":5},"b":{"0":[1,1],"1":[3,2],"2":[5,4],"3":[2,1],"4":[1,1]},"meta":{"lastBranch":5,"lastFunction":2,"lastStatement":18,"seen":{"s:10:6:20:2":0,"f:13:2:13:19":0,"s:14:19:14:Infinity":1,"b:15:4:16:Infinity:undefined:undefined:undefined:undefined":0,"s:15:4:16:Infinity":2,"s:16:6:16:Infinity":3,"s:18:4:18:Infinity":4,"s:26:4:57:Infinity":5,"f:26:4:26:11":1,"s:27:15:27:55":6,"b:29:2:53:Infinity:undefined:undefined:undefined:undefined":1,"s:29:2:53:Infinity":7,"b:29:6:29:22:29:22:29:51":2,"s:30:26:30:Infinity":8,"b:32:4:53:Infinity:52:11:53:Infinity":3,"s:32:4:53:Infinity":9,"s:33:28:40:Infinity":10,"b:43:6:50:Infinity:49:13:50:Infinity":4,"s:43:6:50:Infinity":11,"s:44:21:44:Infinity":12,"s:45:8:47:Infinity":13,"s:48:8:48:Infinity":14,"s:50:8:50:Infinity":15,"s:53:6:53:Infinity":16,"s:57:2:57:Infinity":17}}}
,"C:\\Users\\USER\\Desktop\\DESKTOP PROJECTS\\s4\\client\\src\\store\\api\\reportApi.ts": {"path":"C:\\Users\\USER\\Desktop\\DESKTOP PROJECTS\\s4\\client\\src\\store\\api\\reportApi.ts","statementMap":{"0":{"start":{"line":14,"column":13},"end":{"line":74,"column":2}},"1":{"start":{"line":18,"column":27},"end":{"line":73,"column":null}},"2":{"start":{"line":21,"column":23},"end":{"line":21,"column":44}},"3":{"start":{"line":22,"column":8},"end":{"line":27,"column":null}},"4":{"start":{"line":23,"column":10},"end":{"line":27,"column":null}},"5":{"start":{"line":24,"column":12},"end":{"line":25,"column":null}},"6":{"start":{"line":25,"column":14},"end":{"line":25,"column":null}},"7":{"start":{"line":29,"column":8},"end":{"line":29,"column":null}},"8":{"start":{"line":32,"column":8},"end":{"line":40,"column":null}},"9":{"start":{"line":34,"column":49},"end":{"line":37,"column":17}},"10":{"start":{"line":44,"column":21},"end":{"line":44,"column":null}},"11":{"start":{"line":45,"column":45},"end":{"line":45,"column":null}},"12":{"start":{"line":49,"column":24},"end":{"line":53,"column":null}},"13":{"start":{"line":58,"column":22},"end":{"line":61,"column":null}},"14":{"start":{"line":62,"column":48},"end":{"line":65,"column":null}},"15":{"start":{"line":70,"column":19},"end":{"line":70,"column":null}},"16":{"start":{"line":82,"column":4},"end":{"line":82,"column":null}}},"fnMap":{"0":{"name":"(anonymous_0)","decl":{"start":{"line":18,"column":2},"end":{"line":18,"column":14}},"loc":{"start":{"line":18,"column":27},"end":{"line":73,"column":null}},"line":18},"1":{"name":"(anonymous_1)","decl":{"start":{"line":20,"column":6},"end":{"line":20,"column":14}},"loc":{"start":{"line":20,"column":26},"end":{"line":29,"column":null}},"line":20},"2":{"name":"(anonymous_2)","decl":{"start":{"line":23,"column":34},"end":{"line":23,"column":43}},"loc":{"start":{"line":23,"column":60},"end":{"line":27,"column":null}},"line":23},"3":{"name":"(anonymous_3)","decl":{"start":{"line":31,"column":6},"end":{"line":31,"column":21}},"loc":{"start":{"line":32,"column":8},"end":{"line":40,"column":null}},"line":32},"4":{"name":"(anonymous_4)","decl":{"start":{"line":34,"column":32},"end":{"line":34,"column":37}},"loc":{"start":{"line":34,"column":49},"end":{"line":37,"column":17}},"line":34},"5":{"name":"(anonymous_5)","decl":{"start":{"line":44,"column":6},"end":{"line":44,"column":14}},"loc":{"start":{"line":44,"column":21},"end":{"line":44,"column":null}},"line":44},"6":{"name":"(anonymous_6)","decl":{"start":{"line":45,"column":6},"end":{"line":45,"column":21}},"loc":{"start":{"line":45,"column":45},"end":{"line":45,"column":null}},"line":45},"7":{"name":"(anonymous_7)","decl":{"start":{"line":49,"column":6},"end":{"line":49,"column":14}},"loc":{"start":{"line":49,"column":24},"end":{"line":53,"column":null}},"line":49},"8":{"name":"(anonymous_8)","decl":{"start":{"line":58,"column":6},"end":{"line":58,"column":14}},"loc":{"start":{"line":58,"column":22},"end":{"line":61,"column":null}},"line":58},"9":{"name":"(anonymous_9)","decl":{"start":{"line":62,"column":6},"end":{"line":62,"column":24}},"loc":{"start":{"line":62,"column":48},"end":{"line":65,"column":null}},"line":62},"10":{"name":"(anonymous_10)","decl":{"start":{"line":70,"column":6},"end":{"line":70,"column":19}},"loc":{"start":{"line":70,"column":19},"end":{"line":70,"column":null}},"line":70}},"branchMap":{"0":{"loc":{"start":{"line":22,"column":8},"end":{"line":27,"column":null}},"type":"if","locations":[{"start":{"line":22,"column":8},"end":{"line":27,"column":null}},{"start":{},"end":{}}],"line":22},"1":{"loc":{"start":{"line":24,"column":12},"end":{"line":25,"column":null}},"type":"if","locations":[{"start":{"line":24,"column":12},"end":{"line":25,"column":null}},{"start":{},"end":{}}],"line":24},"2":{"loc":{"start":{"line":24,"column":16},"end":{"line":24,"column":55}},"type":"binary-expr","locations":[{"start":{"line":24,"column":16},"end":{"line":24,"column":39}},{"start":{"line":24,"column":39},"end":{"line":24,"column":55}}],"line":24},"3":{"loc":{"start":{"line":32,"column":8},"end":{"line":40,"column":null}},"type":"cond-expr","locations":[{"start":{"line":33,"column":12},"end":{"line":38,"column":null}},{"start":{"line":40,"column":12},"end":{"line":40,"column":null}}],"line":32}},"s":{"0":15,"1":15,"2":3,"3":3,"4":2,"5":6,"6":4,"7":3,"8":3,"9":0,"10":1,"11":1,"12":1,"13":1,"14":1,"15":1,"16":15},"f":{"0":15,"1":3,"2":6,"3":3,"4":0,"5":1,"6":1,"7":1,"8":1,"9":1,"10":1},"b":{"0":[2,1],"1":[4,2],"2":[6,4],"3":[3,0]},"meta":{"lastBranch":4,"lastFunction":11,"lastStatement":17,"seen":{"s:14:13:74:2":0,"f:18:2:18:14":0,"s:18:27:73:Infinity":1,"f:20:6:20:14":1,"s:21:23:21:44":2,"b:22:8:27:Infinity:undefined:undefined:undefined:undefined":0,"s:22:8:27:Infinity":3,"s:23:10:27:Infinity":4,"f:23:34:23:43":2,"b:24:12:25:Infinity:undefined:undefined:undefined:undefined":1,"s:24:12:25:Infinity":5,"b:24:16:24:39:24:39:24:55":2,"s:25:14:25:Infinity":6,"s:29:8:29:Infinity":7,"f:31:6:31:21":3,"s:32:8:40:Infinity":8,"b:33:12:38:Infinity:40:12:40:Infinity":3,"f:34:32:34:37":4,"s:34:49:37:17":9,"f:44:6:44:14":5,"s:44:21:44:Infinity":10,"f:45:6:45:21":6,"s:45:45:45:Infinity":11,"f:49:6:49:14":7,"s:49:24:53:Infinity":12,"f:58:6:58:14":8,"s:58:22:61:Infinity":13,"f:62:6:62:24":9,"s:62:48:65:Infinity":14,"f:70:6:70:19":10,"s:70:19:70:Infinity":15,"s:82:4:82:Infinity":16}}}
,"C:\\Users\\USER\\Desktop\\DESKTOP PROJECTS\\s4\\client\\src\\store\\api\\stationApi.ts": {"path":"C:\\Users\\USER\\Desktop\\DESKTOP PROJECTS\\s4\\client\\src\\store\\api\\stationApi.ts","statementMap":{"0":{"start":{"line":12,"column":13},"end":{"line":31,"column":2}},"1":{"start":{"line":16,"column":27},"end":{"line":30,"column":null}},"2":{"start":{"line":19,"column":29},"end":{"line":19,"column":50}},"3":{"start":{"line":20,"column":8},"end":{"line":20,"column":null}},"4":{"start":{"line":20,"column":26},"end":{"line":20,"column":null}},"5":{"start":{"line":21,"column":8},"end":{"line":21,"column":null}},"6":{"start":{"line":28,"column":8},"end":{"line":28,"column":null}},"7":{"start":{"line":33,"column":67},"end":{"line":33,"column":null}}},"fnMap":{"0":{"name":"(anonymous_0)","decl":{"start":{"line":16,"column":2},"end":{"line":16,"column":14}},"loc":{"start":{"line":16,"column":27},"end":{"line":30,"column":null}},"line":16},"1":{"name":"(anonymous_1)","decl":{"start":{"line":18,"column":6},"end":{"line":18,"column":14}},"loc":{"start":{"line":18,"column":25},"end":{"line":21,"column":null}},"line":18},"2":{"name":"(anonymous_2)","decl":{"start":{"line":27,"column":6},"end":{"line":27,"column":14}},"loc":{"start":{"line":28,"column":8},"end":{"line":28,"column":null}},"line":28}},"branchMap":{"0":{"loc":{"start":{"line":20,"column":8},"end":{"line":20,"column":null}},"type":"if","locations":[{"start":{"line":20,"column":8},"end":{"line":20,"column":null}},{"start":{},"end":{}}],"line":20},"1":{"loc":{"start":{"line":27,"column":26},"end":{"line":27,"column":39}},"type":"default-arg","locations":[{"start":{"line":27,"column":35},"end":{"line":27,"column":39}}],"line":27},"2":{"loc":{"start":{"line":27,"column":39},"end":{"line":27,"column":null}},"type":"default-arg","locations":[{"start":{"line":27,"column":47},"end":{"line":27,"column":null}}],"line":27}},"s":{"0":15,"1":15,"2":2,"3":2,"4":1,"5":2,"6":2,"7":15},"f":{"0":15,"1":2,"2":2},"b":{"0":[1,1],"1":[2],"2":[2]},"meta":{"lastBranch":3,"lastFunction":3,"lastStatement":8,"seen":{"s:12:13:31:2":0,"f:16:2:16:14":0,"s:16:27:30:Infinity":1,"f:18:6:18:14":1,"s:19:29:19:50":2,"b:20:8:20:Infinity:undefined:undefined:undefined:undefined":0,"s:20:8:20:Infinity":3,"s:20:26:20:Infinity":4,"s:21:8:21:Infinity":5,"f:27:6:27:14":2,"s:28:8:28:Infinity":6,"b:27:35:27:39":1,"b:27:47:27:Infinity":2,"s:33:67:33:Infinity":7}}}
,"C:\\Users\\USER\\Desktop\\DESKTOP PROJECTS\\s4\\client\\src\\store\\slices\\authSlice.ts": {"path":"C:\\Users\\USER\\Desktop\\DESKTOP PROJECTS\\s4\\client\\src\\store\\slices\\authSlice.ts","statementMap":{"0":{"start":{"line":13,"column":32},"end":{"line":20,"column":null}},"1":{"start":{"line":22,"column":6},"end":{"line":68,"column":2}},"2":{"start":{"line":30,"column":6},"end":{"line":30,"column":null}},"3":{"start":{"line":31,"column":6},"end":{"line":31,"column":null}},"4":{"start":{"line":32,"column":6},"end":{"line":32,"column":null}},"5":{"start":{"line":33,"column":6},"end":{"line":33,"column":null}},"6":{"start":{"line":34,"column":6},"end":{"line":34,"column":null}},"7":{"start":{"line":35,"column":6},"end":{"line":35,"column":null}},"8":{"start":{"line":36,"column":6},"end":{"line":36,"column":null}},"9":{"start":{"line":37,"column":6},"end":{"line":37,"column":null}},"10":{"start":{"line":40,"column":6},"end":{"line":40,"column":null}},"11":{"start":{"line":41,"column":6},"end":{"line":41,"column":null}},"12":{"start":{"line":44,"column":6},"end":{"line":44,"column":null}},"13":{"start":{"line":50,"column":6},"end":{"line":50,"column":null}},"14":{"start":{"line":51,"column":6},"end":{"line":51,"column":null}},"15":{"start":{"line":52,"column":6},"end":{"line":54,"column":null}},"16":{"start":{"line":53,"column":8},"end":{"line":53,"column":null}},"17":{"start":{"line":54,"column":8},"end":{"line":54,"column":null}},"18":{"start":{"line":58,"column":6},"end":{"line":58,"column":null}},"19":{"start":{"line":59,"column":6},"end":{"line":59,"column":null}},"20":{"start":{"line":60,"column":6},"end":{"line":60,"column":null}},"21":{"start":{"line":61,"column":6},"end":{"line":61,"column":null}},"22":{"start":{"line":62,"column":6},"end":{"line":62,"column":null}},"23":{"start":{"line":63,"column":6},"end":{"line":63,"column":null}},"24":{"start":{"line":64,"column":6},"end":{"line":64,"column":null}},"25":{"start":{"line":65,"column":6},"end":{"line":65,"column":null}},"26":{"start":{"line":71,"column":2},"end":{"line":71,"column":null}}},"fnMap":{"0":{"name":"(anonymous_0)","decl":{"start":{"line":26,"column":4},"end":{"line":26,"column":null}},"loc":{"start":{"line":29,"column":6},"end":{"line":37,"column":null}},"line":29},"1":{"name":"(anonymous_1)","decl":{"start":{"line":39,"column":4},"end":{"line":39,"column":17}},"loc":{"start":{"line":39,"column":55},"end":{"line":41,"column":null}},"line":39},"2":{"name":"(anonymous_2)","decl":{"start":{"line":43,"column":4},"end":{"line":43,"column":12}},"loc":{"start":{"line":43,"column":48},"end":{"line":44,"column":null}},"line":43},"3":{"name":"(anonymous_3)","decl":{"start":{"line":46,"column":4},"end":{"line":46,"column":null}},"loc":{"start":{"line":49,"column":6},"end":{"line":54,"column":null}},"line":49},"4":{"name":"(anonymous_4)","decl":{"start":{"line":57,"column":4},"end":{"line":57,"column":11}},"loc":{"start":{"line":57,"column":18},"end":{"line":65,"column":null}},"line":57}},"branchMap":{"0":{"loc":{"start":{"line":52,"column":6},"end":{"line":54,"column":null}},"type":"if","locations":[{"start":{"line":52,"column":6},"end":{"line":54,"column":null}},{"start":{},"end":{}}],"line":52}},"s":{"0":19,"1":19,"2":2,"3":2,"4":2,"5":2,"6":2,"7":2,"8":2,"9":2,"10":2,"11":2,"12":5,"13":2,"14":2,"15":2,"16":1,"17":1,"18":2,"19":2,"20":2,"21":2,"22":2,"23":2,"24":2,"25":2,"26":19},"f":{"0":2,"1":2,"2":5,"3":2,"4":2},"b":{"0":[1,1]},"meta":{"lastBranch":1,"lastFunction":5,"lastStatement":27,"seen":{"s:13:32:20:Infinity":0,"s:22:6:68:2":1,"f:26:4:26:Infinity":0,"s:30:6:30:Infinity":2,"s:31:6:31:Infinity":3,"s:32:6:32:Infinity":4,"s:33:6:33:Infinity":5,"s:34:6:34:Infinity":6,"s:35:6:35:Infinity":7,"s:36:6:36:Infinity":8,"s:37:6:37:Infinity":9,"f:39:4:39:17":1,"s:40:6:40:Infinity":10,"s:41:6:41:Infinity":11,"f:43:4:43:12":2,"s:44:6:44:Infinity":12,"f:46:4:46:Infinity":3,"s:50:6:50:Infinity":13,"s:51:6:51:Infinity":14,"b:52:6:54:Infinity:undefined:undefined:undefined:undefined":0,"s:52:6:54:Infinity":15,"s:53:8:53:Infinity":16,"s:54:8:54:Infinity":17,"f:57:4:57:11":4,"s:58:6:58:Infinity":18,"s:59:6:59:Infinity":19,"s:60:6:60:Infinity":20,"s:61:6:61:Infinity":21,"s:62:6:62:Infinity":22,"s:63:6:63:Infinity":23,"s:64:6:64:Infinity":24,"s:65:6:65:Infinity":25,"s:71:2:71:Infinity":26}}}
,"C:\\Users\\USER\\Desktop\\DESKTOP PROJECTS\\s4\\client\\src\\store\\slices\\uiSlice.ts": {"path":"C:\\Users\\USER\\Desktop\\DESKTOP PROJECTS\\s4\\client\\src\\store\\slices\\uiSlice.ts","statementMap":{"0":{"start":{"line":18,"column":30},"end":{"line":25,"column":null}},"1":{"start":{"line":27,"column":6},"end":{"line":62,"column":2}},"2":{"start":{"line":40,"column":6},"end":{"line":40,"column":null}},"3":{"start":{"line":41,"column":6},"end":{"line":41,"column":null}},"4":{"start":{"line":44,"column":6},"end":{"line":44,"column":null}},"5":{"start":{"line":45,"column":6},"end":{"line":45,"column":null}},"6":{"start":{"line":48,"column":6},"end":{"line":48,"column":null}},"7":{"start":{"line":49,"column":6},"end":{"line":49,"column":null}},"8":{"start":{"line":52,"column":6},"end":{"line":52,"column":null}},"9":{"start":{"line":53,"column":6},"end":{"line":53,"column":null}},"10":{"start":{"line":56,"column":6},"end":{"line":56,"column":null}},"11":{"start":{"line":59,"column":6},"end":{"line":59,"column":null}},"12":{"start":{"line":71,"column":4},"end":{"line":71,"column":null}}},"fnMap":{"0":{"name":"(anonymous_0)","decl":{"start":{"line":31,"column":4},"end":{"line":31,"column":null}},"loc":{"start":{"line":39,"column":6},"end":{"line":41,"column":null}},"line":39},"1":{"name":"(anonymous_1)","decl":{"start":{"line":43,"column":4},"end":{"line":43,"column":21}},"loc":{"start":{"line":43,"column":28},"end":{"line":45,"column":null}},"line":43},"2":{"name":"(anonymous_2)","decl":{"start":{"line":47,"column":4},"end":{"line":47,"column":21}},"loc":{"start":{"line":47,"column":59},"end":{"line":49,"column":null}},"line":47},"3":{"name":"(anonymous_3)","decl":{"start":{"line":51,"column":4},"end":{"line":51,"column":22}},"loc":{"start":{"line":51,"column":29},"end":{"line":53,"column":null}},"line":51},"4":{"name":"(anonymous_4)","decl":{"start":{"line":55,"column":4},"end":{"line":55,"column":18}},"loc":{"start":{"line":55,"column":25},"end":{"line":56,"column":null}},"line":55},"5":{"name":"(anonymous_5)","decl":{"start":{"line":58,"column":4},"end":{"line":58,"column":19}},"loc":{"start":{"line":58,"column":26},"end":{"line":59,"column":null}},"line":58}},"branchMap":{},"s":{"0":15,"1":15,"2":3,"3":3,"4":4,"5":4,"6":2,"7":2,"8":3,"9":3,"10":4,"11":3,"12":15},"f":{"0":3,"1":4,"2":2,"3":3,"4":4,"5":3},"b":{},"meta":{"lastBranch":0,"lastFunction":6,"lastStatement":13,"seen":{"s:18:30:25:Infinity":0,"s:27:6:62:2":1,"f:31:4:31:Infinity":0,"s:40:6:40:Infinity":2,"s:41:6:41:Infinity":3,"f:43:4:43:21":1,"s:44:6:44:Infinity":4,"s:45:6:45:Infinity":5,"f:47:4:47:21":2,"s:48:6:48:Infinity":6,"s:49:6:49:Infinity":7,"f:51:4:51:22":3,"s:52:6:52:Infinity":8,"s:53:6:53:Infinity":9,"f:55:4:55:18":4,"s:56:6:56:Infinity":10,"f:58:4:58:19":5,"s:59:6:59:Infinity":11,"s:71:4:71:Infinity":12}}}
,"C:\\Users\\USER\\Desktop\\DESKTOP PROJECTS\\s4\\client\\src\\types\\index.ts": {"path":"C:\\Users\\USER\\Desktop\\DESKTOP PROJECTS\\s4\\client\\src\\types\\index.ts","statementMap":{"0":{"start":{"line":135,"column":6},"end":{"line":148,"column":null}},"1":{"start":{"line":154,"column":6},"end":{"line":159,"column":null}},"2":{"start":{"line":165,"column":6},"end":{"line":172,"column":null}}},"fnMap":{},"branchMap":{},"s":{"0":5,"1":5,"2":5},"f":{},"b":{},"meta":{"lastBranch":0,"lastFunction":0,"lastStatement":3,"seen":{"s:135:6:148:Infinity":0,"s:154:6:159:Infinity":1,"s:165:6:172:Infinity":2}}}
}
